<?xml version="1.0" encoding="UTF-8"?>
<!-- Generated by org.testng.reporters.JUnitXMLReporter -->
<testsuite hostname="AMAZUQATEST1" ignored="14" name="Default test(failed)(failed)" tests="4" failures="0" timestamp="12 Jan 2021 08:53:52 GMT" time="370.891" errors="0">
  <testcase name="GuestUser_NextShipping_Visa" time="96.14" classname="suite.test.CheckoutTest"/>
  <testcase name="GuestUser_NextShipping_Amex" time="86.545" classname="suite.test.CheckoutTest"/>
  <testcase name="GuestUser_NextShipping_Master" time="82.104" classname="suite.test.CheckoutTest"/>
  <testcase name="GuestUser_NextShipping_Disc" time="93.097" classname="suite.test.CheckoutTest"/>
  <testcase name="Guestuser_GroundShipping_Paypal" time="0.0" classname="suite.test.CheckoutTest">
    <ignored/>
  </testcase> <!-- Guestuser_GroundShipping_Paypal -->
  <testcase name="GuestUser_GroundShipping_Visa" time="0.0" classname="suite.test.CheckoutTest">
    <ignored/>
  </testcase> <!-- GuestUser_GroundShipping_Visa -->
  <testcase name="GuestUser_GroundShipping_PayPalCredit" time="0.0" classname="suite.test.CheckoutTest">
    <ignored/>
  </testcase> <!-- GuestUser_GroundShipping_PayPalCredit -->
  <testcase name="GuestUser_NextDayShipping_PayPalCredit" time="0.0" classname="suite.test.CheckoutTest">
    <ignored/>
  </testcase> <!-- GuestUser_NextDayShipping_PayPalCredit -->
  <testcase name="GuestUser_SecondShipping_Amex" time="0.0" classname="suite.test.CheckoutTest">
    <ignored/>
  </testcase> <!-- GuestUser_SecondShipping_Amex -->
  <testcase name="GuestUser_SecondDayShipping_PayPalCredit" time="0.0" classname="suite.test.CheckoutTest">
    <ignored/>
  </testcase> <!-- GuestUser_SecondDayShipping_PayPalCredit -->
  <testcase name="Guestuser_SecondShipping_Paypal" time="0.0" classname="suite.test.CheckoutTest">
    <ignored/>
  </testcase> <!-- Guestuser_SecondShipping_Paypal -->
  <testcase name="GuestUser_GroundShipping_Disc" time="0.0" classname="suite.test.CheckoutTest">
    <ignored/>
  </testcase> <!-- GuestUser_GroundShipping_Disc -->
  <testcase name="GuestUser_SecondShipping_Disc" time="0.0" classname="suite.test.CheckoutTest">
    <ignored/>
  </testcase> <!-- GuestUser_SecondShipping_Disc -->
  <testcase name="GuestUser_GroundShipping_Master" time="0.0" classname="suite.test.CheckoutTest">
    <ignored/>
  </testcase> <!-- GuestUser_GroundShipping_Master -->
  <testcase name="GuestUser_SecondShipping_Visa" time="0.0" classname="suite.test.CheckoutTest">
    <ignored/>
  </testcase> <!-- GuestUser_SecondShipping_Visa -->
  <testcase name="Guestuser_NextShipping_Paypal" time="0.0" classname="suite.test.CheckoutTest">
    <ignored/>
  </testcase> <!-- Guestuser_NextShipping_Paypal -->
  <testcase name="GuestUser_GroundShipping_Amex" time="0.0" classname="suite.test.CheckoutTest">
    <ignored/>
  </testcase> <!-- GuestUser_GroundShipping_Amex -->
  <testcase name="GuestUser_SecondShipping_Master" time="0.0" classname="suite.test.CheckoutTest">
    <ignored/>
  </testcase> <!-- GuestUser_SecondShipping_Master -->
</testsuite> <!-- Default test(failed)(failed) -->
