<?xml version="1.0" encoding="UTF-8"?>
<testng-results ignored="17" total="18" passed="0" failed="1" skipped="0">
  <reporter-output>
    <line>
      <![CDATA[Navigating to url: https:uatcommerce.brother-usa.com/products/MFCJ5830DW<br>]]>
    </line>
    <line>
      <![CDATA[Navigated to url: https:uatcommerce.brother-usa.com/products/MFCJ5830DW<br>]]>
    </line>
    <line>
      <![CDATA[Finding Element by locator: By.cssSelector: .close > a<br>]]>
    </line>
    <line>
      <![CDATA[Element Found: [[ChromeDriver: chrome on WINDOWS (6f5024e00b126591b6d79882b45c5506)] -> css selector: .close > a]<br>]]>
    </line>
    <line>
      <![CDATA[Finding Element by locator: By.cssSelector: .close > a<br>]]>
    </line>
    <line>
      <![CDATA[Element Found: [[ChromeDriver: chrome on WINDOWS (6f5024e00b126591b6d79882b45c5506)] -> css selector: .close > a]<br>]]>
    </line>
    <line>
      <![CDATA[Finding Element by locator: By.cssSelector: .close > a<br>]]>
    </line>
    <line>
      <![CDATA[Element Found: [[ChromeDriver: chrome on WINDOWS (6f5024e00b126591b6d79882b45c5506)] -> css selector: .close > a]<br>]]>
    </line>
    <line>
      <![CDATA[Before Clicking on element: [[ChromeDriver: chrome on WINDOWS (6f5024e00b126591b6d79882b45c5506)] -> css selector: .close > a]<br>]]>
    </line>
    <line>
      <![CDATA[Finding Element by locator: By.cssSelector: .close > a<br>]]>
    </line>
    <line>
      <![CDATA[Element Found: [[ChromeDriver: chrome on WINDOWS (6f5024e00b126591b6d79882b45c5506)] -> css selector: .close > a]<br>]]>
    </line>
    <line>
      <![CDATA[Before Script: arguments[0].click();<br>]]>
    </line>
    <line>
      <![CDATA[Finding Element by locator: By.cssSelector: .close > a<br>]]>
    </line>
    <line>
      <![CDATA[Element Found: [[ChromeDriver: chrome on WINDOWS (6f5024e00b126591b6d79882b45c5506)] -> css selector: .close > a]<br>]]>
    </line>
    <line>
      <![CDATA[After Script: arguments[0].click();<br>]]>
    </line>
    <line>
      <![CDATA[Finding Element by locator: By.cssSelector: .close_button-14102-button.close_button-14102-button-d2.bluecoreCloseButton<br>]]>
    </line>
    <line>
      <![CDATA[Finding Element by locator: By.cssSelector: .close_button-14102-button.close_button-14102-button-d2.bluecoreCloseButton<br>]]>
    </line>
    <line>
      <![CDATA[Finding Element by locator: By.cssSelector: .close_button-14102-button.close_button-14102-button-d2.bluecoreCloseButton<br>]]>
    </line>
    <line>
      <![CDATA[Finding Element by locator: By.cssSelector: .close_button-14102-button.close_button-14102-button-d2.bluecoreCloseButton<br>]]>
    </line>
    <line>
      <![CDATA[Finding Element by locator: By.cssSelector: .close_button-14102-button.close_button-14102-button-d2.bluecoreCloseButton<br>]]>
    </line>
    <line>
      <![CDATA[Finding Element by locator: By.cssSelector: .close_button-14102-button.close_button-14102-button-d2.bluecoreCloseButton<br>]]>
    </line>
    <line>
      <![CDATA[Finding Element by locator: By.cssSelector: .close_button-14102-button.close_button-14102-button-d2.bluecoreCloseButton<br>]]>
    </line>
    <line>
      <![CDATA[Finding Element by locator: By.cssSelector: .close_button-14102-button.close_button-14102-button-d2.bluecoreCloseButton<br>]]>
    </line>
    <line>
      <![CDATA[Finding Element by locator: By.cssSelector: .close_button-14102-button.close_button-14102-button-d2.bluecoreCloseButton<br>]]>
    </line>
    <line>
      <![CDATA[Finding Element by locator: By.cssSelector: .close_button-14102-button.close_button-14102-button-d2.bluecoreCloseButton<br>]]>
    </line>
    <line>
      <![CDATA[Finding Element by locator: By.cssSelector: .close_button-14102-button.close_button-14102-button-d2.bluecoreCloseButton<br>]]>
    </line>
    <line>
      <![CDATA[Finding Element by locator: By.cssSelector: .close_button-14102-button.close_button-14102-button-d2.bluecoreCloseButton<br>]]>
    </line>
    <line>
      <![CDATA[Finding Element by locator: By.cssSelector: .close_button-14102-button.close_button-14102-button-d2.bluecoreCloseButton<br>]]>
    </line>
    <line>
      <![CDATA[Finding Element by locator: By.cssSelector: .close_button-14102-button.close_button-14102-button-d2.bluecoreCloseButton<br>]]>
    </line>
    <line>
      <![CDATA[Finding Element by locator: By.cssSelector: .close_button-14102-button.close_button-14102-button-d2.bluecoreCloseButton<br>]]>
    </line>
    <line>
      <![CDATA[Finding Element by locator: By.cssSelector: .close_button-14102-button.close_button-14102-button-d2.bluecoreCloseButton<br>]]>
    </line>
    <line>
      <![CDATA[Finding Element by locator: By.cssSelector: .close_button-14102-button.close_button-14102-button-d2.bluecoreCloseButton<br>]]>
    </line>
    <line>
      <![CDATA[Finding Element by locator: By.cssSelector: .close_button-14102-button.close_button-14102-button-d2.bluecoreCloseButton<br>]]>
    </line>
    <line>
      <![CDATA[Finding Element by locator: By.cssSelector: .close_button-14102-button.close_button-14102-button-d2.bluecoreCloseButton<br>]]>
    </line>
    <line>
      <![CDATA[Finding Element by locator: By.cssSelector: .close_button-14102-button.close_button-14102-button-d2.bluecoreCloseButton<br>]]>
    </line>
    <line>
      <![CDATA[Finding Element by locator: By.cssSelector: .close_button-14102-button.close_button-14102-button-d2.bluecoreCloseButton<br>]]>
    </line>
    <line>
      <![CDATA[Finding Element by locator: By.cssSelector: .close_button-14102-button.close_button-14102-button-d2.bluecoreCloseButton<br>]]>
    </line>
    <line>
      <![CDATA[Finding Element by locator: By.cssSelector: .close_button-14102-button.close_button-14102-button-d2.bluecoreCloseButton<br>]]>
    </line>
    <line>
      <![CDATA[Finding Element by locator: By.cssSelector: .close_button-14102-button.close_button-14102-button-d2.bluecoreCloseButton<br>]]>
    </line>
    <line>
      <![CDATA[Finding Element by locator: By.cssSelector: .close_button-14102-button.close_button-14102-button-d2.bluecoreCloseButton<br>]]>
    </line>
    <line>
      <![CDATA[Finding Element by locator: By.cssSelector: .close_button-14102-button.close_button-14102-button-d2.bluecoreCloseButton<br>]]>
    </line>
    <line>
      <![CDATA[Finding Element by locator: By.cssSelector: .close_button-14102-button.close_button-14102-button-d2.bluecoreCloseButton<br>]]>
    </line>
    <line>
      <![CDATA[Finding Element by locator: By.cssSelector: .close_button-14102-button.close_button-14102-button-d2.bluecoreCloseButton<br>]]>
    </line>
    <line>
      <![CDATA[Finding Element by locator: By.cssSelector: .close_button-14102-button.close_button-14102-button-d2.bluecoreCloseButton<br>]]>
    </line>
    <line>
      <![CDATA[Finding Element by locator: By.cssSelector: .close_button-14102-button.close_button-14102-button-d2.bluecoreCloseButton<br>]]>
    </line>
    <line>
      <![CDATA[Finding Element by locator: By.cssSelector: .close_button-14102-button.close_button-14102-button-d2.bluecoreCloseButton<br>]]>
    </line>
    <line>
      <![CDATA[Finding Element by locator: By.cssSelector: .close_button-14102-button.close_button-14102-button-d2.bluecoreCloseButton<br>]]>
    </line>
    <line>
      <![CDATA[Finding Element by locator: By.cssSelector: .close_button-14102-button.close_button-14102-button-d2.bluecoreCloseButton<br>]]>
    </line>
    <line>
      <![CDATA[Finding Element by locator: By.cssSelector: .close_button-14102-button.close_button-14102-button-d2.bluecoreCloseButton<br>]]>
    </line>
    <line>
      <![CDATA[Finding Element by locator: By.cssSelector: .close_button-14102-button.close_button-14102-button-d2.bluecoreCloseButton<br>]]>
    </line>
    <line>
      <![CDATA[Finding Element by locator: By.cssSelector: .close_button-14102-button.close_button-14102-button-d2.bluecoreCloseButton<br>]]>
    </line>
    <line>
      <![CDATA[Finding Element by locator: By.cssSelector: .close_button-14102-button.close_button-14102-button-d2.bluecoreCloseButton<br>]]>
    </line>
    <line>
      <![CDATA[Finding Element by locator: By.cssSelector: .close_button-14102-button.close_button-14102-button-d2.bluecoreCloseButton<br>]]>
    </line>
    <line>
      <![CDATA[Finding Element by locator: By.cssSelector: .close_button-14102-button.close_button-14102-button-d2.bluecoreCloseButton<br>]]>
    </line>
    <line>
      <![CDATA[Finding Element by locator: By.cssSelector: .close_button-14102-button.close_button-14102-button-d2.bluecoreCloseButton<br>]]>
    </line>
    <line>
      <![CDATA[Finding Element by locator: By.cssSelector: #consent_doNotSell_close<br>]]>
    </line>
    <line>
      <![CDATA[Element Found: [[ChromeDriver: chrome on WINDOWS (6f5024e00b126591b6d79882b45c5506)] -> css selector: #consent_doNotSell_close]<br>]]>
    </line>
    <line>
      <![CDATA[Finding Element by locator: By.cssSelector: #consent_doNotSell_close<br>]]>
    </line>
    <line>
      <![CDATA[Element Found: [[ChromeDriver: chrome on WINDOWS (6f5024e00b126591b6d79882b45c5506)] -> css selector: #consent_doNotSell_close]<br>]]>
    </line>
    <line>
      <![CDATA[Finding Element by locator: By.cssSelector: #consent_doNotSell_close<br>]]>
    </line>
    <line>
      <![CDATA[Element Found: [[ChromeDriver: chrome on WINDOWS (6f5024e00b126591b6d79882b45c5506)] -> css selector: #consent_doNotSell_close]<br>]]>
    </line>
    <line>
      <![CDATA[Finding Element by locator: By.cssSelector: #consent_doNotSell_close<br>]]>
    </line>
    <line>
      <![CDATA[Element Found: [[ChromeDriver: chrome on WINDOWS (6f5024e00b126591b6d79882b45c5506)] -> css selector: #consent_doNotSell_close]<br>]]>
    </line>
    <line>
      <![CDATA[Finding Element by locator: By.cssSelector: #consent_doNotSell_close<br>]]>
    </line>
    <line>
      <![CDATA[Element Found: [[ChromeDriver: chrome on WINDOWS (6f5024e00b126591b6d79882b45c5506)] -> css selector: #consent_doNotSell_close]<br>]]>
    </line>
    <line>
      <![CDATA[Finding Element by locator: By.cssSelector: #consent_doNotSell_close<br>]]>
    </line>
    <line>
      <![CDATA[Element Found: [[ChromeDriver: chrome on WINDOWS (6f5024e00b126591b6d79882b45c5506)] -> css selector: #consent_doNotSell_close]<br>]]>
    </line>
    <line>
      <![CDATA[Finding Element by locator: By.cssSelector: #consent_doNotSell_close<br>]]>
    </line>
    <line>
      <![CDATA[Element Found: [[ChromeDriver: chrome on WINDOWS (6f5024e00b126591b6d79882b45c5506)] -> css selector: #consent_doNotSell_close]<br>]]>
    </line>
    <line>
      <![CDATA[Finding Element by locator: By.cssSelector: #consent_doNotSell_close<br>]]>
    </line>
    <line>
      <![CDATA[Element Found: [[ChromeDriver: chrome on WINDOWS (6f5024e00b126591b6d79882b45c5506)] -> css selector: #consent_doNotSell_close]<br>]]>
    </line>
    <line>
      <![CDATA[Finding Element by locator: By.cssSelector: #consent_doNotSell_close<br>]]>
    </line>
    <line>
      <![CDATA[Element Found: [[ChromeDriver: chrome on WINDOWS (6f5024e00b126591b6d79882b45c5506)] -> css selector: #consent_doNotSell_close]<br>]]>
    </line>
    <line>
      <![CDATA[Finding Element by locator: By.cssSelector: #consent_doNotSell_close<br>]]>
    </line>
    <line>
      <![CDATA[Element Found: [[ChromeDriver: chrome on WINDOWS (6f5024e00b126591b6d79882b45c5506)] -> css selector: #consent_doNotSell_close]<br>]]>
    </line>
    <line>
      <![CDATA[Finding Element by locator: By.cssSelector: #consent_doNotSell_close<br>]]>
    </line>
    <line>
      <![CDATA[Element Found: [[ChromeDriver: chrome on WINDOWS (6f5024e00b126591b6d79882b45c5506)] -> css selector: #consent_doNotSell_close]<br>]]>
    </line>
    <line>
      <![CDATA[Finding Element by locator: By.cssSelector: #consent_doNotSell_close<br>]]>
    </line>
    <line>
      <![CDATA[Element Found: [[ChromeDriver: chrome on WINDOWS (6f5024e00b126591b6d79882b45c5506)] -> css selector: #consent_doNotSell_close]<br>]]>
    </line>
    <line>
      <![CDATA[Finding Element by locator: By.cssSelector: #consent_doNotSell_close<br>]]>
    </line>
    <line>
      <![CDATA[Element Found: [[ChromeDriver: chrome on WINDOWS (6f5024e00b126591b6d79882b45c5506)] -> css selector: #consent_doNotSell_close]<br>]]>
    </line>
    <line>
      <![CDATA[Finding Element by locator: By.cssSelector: #consent_doNotSell_close<br>]]>
    </line>
    <line>
      <![CDATA[Element Found: [[ChromeDriver: chrome on WINDOWS (6f5024e00b126591b6d79882b45c5506)] -> css selector: #consent_doNotSell_close]<br>]]>
    </line>
    <line>
      <![CDATA[Finding Element by locator: By.cssSelector: #consent_doNotSell_close<br>]]>
    </line>
    <line>
      <![CDATA[Element Found: [[ChromeDriver: chrome on WINDOWS (6f5024e00b126591b6d79882b45c5506)] -> css selector: #consent_doNotSell_close]<br>]]>
    </line>
    <line>
      <![CDATA[Finding Element by locator: By.cssSelector: #consent_doNotSell_close<br>]]>
    </line>
    <line>
      <![CDATA[Element Found: [[ChromeDriver: chrome on WINDOWS (6f5024e00b126591b6d79882b45c5506)] -> css selector: #consent_doNotSell_close]<br>]]>
    </line>
    <line>
      <![CDATA[Finding Element by locator: By.cssSelector: #consent_doNotSell_close<br>]]>
    </line>
    <line>
      <![CDATA[Element Found: [[ChromeDriver: chrome on WINDOWS (6f5024e00b126591b6d79882b45c5506)] -> css selector: #consent_doNotSell_close]<br>]]>
    </line>
    <line>
      <![CDATA[Finding Element by locator: By.cssSelector: #consent_doNotSell_close<br>]]>
    </line>
    <line>
      <![CDATA[Element Found: [[ChromeDriver: chrome on WINDOWS (6f5024e00b126591b6d79882b45c5506)] -> css selector: #consent_doNotSell_close]<br>]]>
    </line>
    <line>
      <![CDATA[Finding Element by locator: By.cssSelector: #consent_doNotSell_close<br>]]>
    </line>
    <line>
      <![CDATA[Element Found: [[ChromeDriver: chrome on WINDOWS (6f5024e00b126591b6d79882b45c5506)] -> css selector: #consent_doNotSell_close]<br>]]>
    </line>
    <line>
      <![CDATA[Finding Element by locator: By.cssSelector: #consent_doNotSell_close<br>]]>
    </line>
    <line>
      <![CDATA[Element Found: [[ChromeDriver: chrome on WINDOWS (6f5024e00b126591b6d79882b45c5506)] -> css selector: #consent_doNotSell_close]<br>]]>
    </line>
    <line>
      <![CDATA[Finding Element by locator: By.cssSelector: #consent_doNotSell_close<br>]]>
    </line>
    <line>
      <![CDATA[Element Found: [[ChromeDriver: chrome on WINDOWS (6f5024e00b126591b6d79882b45c5506)] -> css selector: #consent_doNotSell_close]<br>]]>
    </line>
    <line>
      <![CDATA[Finding Element by locator: By.cssSelector: #consent_doNotSell_close<br>]]>
    </line>
    <line>
      <![CDATA[Element Found: [[ChromeDriver: chrome on WINDOWS (6f5024e00b126591b6d79882b45c5506)] -> css selector: #consent_doNotSell_close]<br>]]>
    </line>
    <line>
      <![CDATA[Finding Element by locator: By.cssSelector: #consent_doNotSell_close<br>]]>
    </line>
    <line>
      <![CDATA[Element Found: [[ChromeDriver: chrome on WINDOWS (6f5024e00b126591b6d79882b45c5506)] -> css selector: #consent_doNotSell_close]<br>]]>
    </line>
    <line>
      <![CDATA[Finding Element by locator: By.cssSelector: #consent_doNotSell_close<br>]]>
    </line>
    <line>
      <![CDATA[Element Found: [[ChromeDriver: chrome on WINDOWS (6f5024e00b126591b6d79882b45c5506)] -> css selector: #consent_doNotSell_close]<br>]]>
    </line>
    <line>
      <![CDATA[Finding Element by locator: By.cssSelector: #consent_doNotSell_close<br>]]>
    </line>
    <line>
      <![CDATA[Element Found: [[ChromeDriver: chrome on WINDOWS (6f5024e00b126591b6d79882b45c5506)] -> css selector: #consent_doNotSell_close]<br>]]>
    </line>
    <line>
      <![CDATA[Finding Element by locator: By.cssSelector: #consent_doNotSell_close<br>]]>
    </line>
    <line>
      <![CDATA[Element Found: [[ChromeDriver: chrome on WINDOWS (6f5024e00b126591b6d79882b45c5506)] -> css selector: #consent_doNotSell_close]<br>]]>
    </line>
    <line>
      <![CDATA[Finding Element by locator: By.cssSelector: #consent_doNotSell_close<br>]]>
    </line>
    <line>
      <![CDATA[Element Found: [[ChromeDriver: chrome on WINDOWS (6f5024e00b126591b6d79882b45c5506)] -> css selector: #consent_doNotSell_close]<br>]]>
    </line>
    <line>
      <![CDATA[Finding Element by locator: By.cssSelector: #consent_doNotSell_close<br>]]>
    </line>
    <line>
      <![CDATA[Element Found: [[ChromeDriver: chrome on WINDOWS (6f5024e00b126591b6d79882b45c5506)] -> css selector: #consent_doNotSell_close]<br>]]>
    </line>
    <line>
      <![CDATA[Finding Element by locator: By.cssSelector: #consent_doNotSell_close<br>]]>
    </line>
    <line>
      <![CDATA[Element Found: [[ChromeDriver: chrome on WINDOWS (6f5024e00b126591b6d79882b45c5506)] -> css selector: #consent_doNotSell_close]<br>]]>
    </line>
    <line>
      <![CDATA[Finding Element by locator: By.cssSelector: #consent_doNotSell_close<br>]]>
    </line>
    <line>
      <![CDATA[Element Found: [[ChromeDriver: chrome on WINDOWS (6f5024e00b126591b6d79882b45c5506)] -> css selector: #consent_doNotSell_close]<br>]]>
    </line>
    <line>
      <![CDATA[Finding Element by locator: By.cssSelector: #consent_doNotSell_close<br>]]>
    </line>
    <line>
      <![CDATA[Element Found: [[ChromeDriver: chrome on WINDOWS (6f5024e00b126591b6d79882b45c5506)] -> css selector: #consent_doNotSell_close]<br>]]>
    </line>
    <line>
      <![CDATA[Finding Element by locator: By.cssSelector: #consent_doNotSell_close<br>]]>
    </line>
    <line>
      <![CDATA[Element Found: [[ChromeDriver: chrome on WINDOWS (6f5024e00b126591b6d79882b45c5506)] -> css selector: #consent_doNotSell_close]<br>]]>
    </line>
    <line>
      <![CDATA[Finding Element by locator: By.cssSelector: #consent_doNotSell_close<br>]]>
    </line>
    <line>
      <![CDATA[Element Found: [[ChromeDriver: chrome on WINDOWS (6f5024e00b126591b6d79882b45c5506)] -> css selector: #consent_doNotSell_close]<br>]]>
    </line>
    <line>
      <![CDATA[Finding Element by locator: By.cssSelector: #consent_doNotSell_close<br>]]>
    </line>
    <line>
      <![CDATA[Element Found: [[ChromeDriver: chrome on WINDOWS (6f5024e00b126591b6d79882b45c5506)] -> css selector: #consent_doNotSell_close]<br>]]>
    </line>
    <line>
      <![CDATA[Finding Element by locator: By.cssSelector: #consent_doNotSell_close<br>]]>
    </line>
    <line>
      <![CDATA[Element Found: [[ChromeDriver: chrome on WINDOWS (6f5024e00b126591b6d79882b45c5506)] -> css selector: #consent_doNotSell_close]<br>]]>
    </line>
    <line>
      <![CDATA[Finding Element by locator: By.cssSelector: #consent_doNotSell_close<br>]]>
    </line>
    <line>
      <![CDATA[Element Found: [[ChromeDriver: chrome on WINDOWS (6f5024e00b126591b6d79882b45c5506)] -> css selector: #consent_doNotSell_close]<br>]]>
    </line>
    <line>
      <![CDATA[Finding Element by locator: By.cssSelector: #consent_doNotSell_close<br>]]>
    </line>
    <line>
      <![CDATA[Element Found: [[ChromeDriver: chrome on WINDOWS (6f5024e00b126591b6d79882b45c5506)] -> css selector: #consent_doNotSell_close]<br>]]>
    </line>
    <line>
      <![CDATA[Finding Element by locator: By.cssSelector: #consent_doNotSell_close<br>]]>
    </line>
    <line>
      <![CDATA[Element Found: [[ChromeDriver: chrome on WINDOWS (6f5024e00b126591b6d79882b45c5506)] -> css selector: #consent_doNotSell_close]<br>]]>
    </line>
    <line>
      <![CDATA[Finding Element by locator: By.cssSelector: .btn-lg:nth-child(8)<br>]]>
    </line>
    <line>
      <![CDATA[Element Found: [[ChromeDriver: chrome on WINDOWS (6f5024e00b126591b6d79882b45c5506)] -> css selector: .btn-lg:nth-child(8)]<br>]]>
    </line>
    <line>
      <![CDATA[Finding Element by locator: By.cssSelector: .btn-lg:nth-child(8)<br>]]>
    </line>
    <line>
      <![CDATA[Element Found: [[ChromeDriver: chrome on WINDOWS (6f5024e00b126591b6d79882b45c5506)] -> css selector: .btn-lg:nth-child(8)]<br>]]>
    </line>
    <line>
      <![CDATA[Finding Element by locator: By.cssSelector: .btn-lg:nth-child(8)<br>]]>
    </line>
    <line>
      <![CDATA[Element Found: [[ChromeDriver: chrome on WINDOWS (6f5024e00b126591b6d79882b45c5506)] -> css selector: .btn-lg:nth-child(8)]<br>]]>
    </line>
    <line>
      <![CDATA[Before Clicking on element: [[ChromeDriver: chrome on WINDOWS (6f5024e00b126591b6d79882b45c5506)] -> css selector: .btn-lg:nth-child(8)]<br>]]>
    </line>
    <line>
      <![CDATA[Clicked on element: [[ChromeDriver: chrome on WINDOWS (6f5024e00b126591b6d79882b45c5506)] -> css selector: .btn-lg:nth-child(8)]<br>]]>
    </line>
    <line>
      <![CDATA[Finding Element by locator: By.cssSelector: .checkout-button<br>]]>
    </line>
    <line>
      <![CDATA[Element Found: [[ChromeDriver: chrome on WINDOWS (6f5024e00b126591b6d79882b45c5506)] -> css selector: .checkout-button]<br>]]>
    </line>
    <line>
      <![CDATA[Finding Element by locator: By.cssSelector: .checkout-button<br>]]>
    </line>
    <line>
      <![CDATA[Element Found: [[ChromeDriver: chrome on WINDOWS (6f5024e00b126591b6d79882b45c5506)] -> css selector: .checkout-button]<br>]]>
    </line>
    <line>
      <![CDATA[Finding Element by locator: By.cssSelector: .checkout-button<br>]]>
    </line>
    <line>
      <![CDATA[Element Found: [[ChromeDriver: chrome on WINDOWS (6f5024e00b126591b6d79882b45c5506)] -> css selector: .checkout-button]<br>]]>
    </line>
    <line>
      <![CDATA[Finding Element by locator: By.cssSelector: .checkout-button<br>]]>
    </line>
    <line>
      <![CDATA[Element Found: [[ChromeDriver: chrome on WINDOWS (6f5024e00b126591b6d79882b45c5506)] -> css selector: .checkout-button]<br>]]>
    </line>
    <line>
      <![CDATA[Before Script: arguments[0].click();<br>]]>
    </line>
    <line>
      <![CDATA[Finding Element by locator: By.cssSelector: .checkout-button<br>]]>
    </line>
    <line>
      <![CDATA[Element Found: [[ChromeDriver: chrome on WINDOWS (6f5024e00b126591b6d79882b45c5506)] -> css selector: .checkout-button]<br>]]>
    </line>
    <line>
      <![CDATA[After Script: arguments[0].click();<br>]]>
    </line>
    <line>
      <![CDATA[Finding Element by locator: By.id: checkoutBtn<br>]]>
    </line>
    <line>
      <![CDATA[Element Found: [[ChromeDriver: chrome on WINDOWS (6f5024e00b126591b6d79882b45c5506)] -> id: checkoutBtn]<br>]]>
    </line>
    <line>
      <![CDATA[Finding Element by locator: By.id: checkoutBtn<br>]]>
    </line>
    <line>
      <![CDATA[Element Found: [[ChromeDriver: chrome on WINDOWS (6f5024e00b126591b6d79882b45c5506)] -> id: checkoutBtn]<br>]]>
    </line>
    <line>
      <![CDATA[Finding Element by locator: By.id: checkoutBtn<br>]]>
    </line>
    <line>
      <![CDATA[Element Found: [[ChromeDriver: chrome on WINDOWS (6f5024e00b126591b6d79882b45c5506)] -> id: checkoutBtn]<br>]]>
    </line>
    <line>
      <![CDATA[Before Clicking on element: [[ChromeDriver: chrome on WINDOWS (6f5024e00b126591b6d79882b45c5506)] -> id: checkoutBtn]<br>]]>
    </line>
    <line>
      <![CDATA[Clicked on element: [[ChromeDriver: chrome on WINDOWS (6f5024e00b126591b6d79882b45c5506)] -> id: checkoutBtn]<br>]]>
    </line>
    <line>
      <![CDATA[Finding Element by locator: By.xpath: //*[@id="accordion"]/div[1]/div[2]/div[1]/a/div/h3[1]/div[2]/span<br>]]>
    </line>
    <line>
      <![CDATA[Finding Element by locator: By.xpath: //*[@id="accordion"]/div[1]/div[2]/div[1]/a/div/h3[1]/div[2]/span<br>]]>
    </line>
    <line>
      <![CDATA[Finding Element by locator: By.xpath: //*[@id="accordion"]/div[1]/div[2]/div[1]/a/div/h3[1]/div[2]/span<br>]]>
    </line>
    <line>
      <![CDATA[Element Found: [[ChromeDriver: chrome on WINDOWS (6f5024e00b126591b6d79882b45c5506)] -> xpath: //*[@id="accordion"]/div[1]/div[2]/div[1]/a/div/h3[1]/div[2]/span]<br>]]>
    </line>
    <line>
      <![CDATA[Finding Element by locator: By.xpath: //*[@id="accordion"]/div[1]/div[2]/div[1]/a/div/h3[1]/div[2]/span<br>]]>
    </line>
    <line>
      <![CDATA[Element Found: [[ChromeDriver: chrome on WINDOWS (6f5024e00b126591b6d79882b45c5506)] -> xpath: //*[@id="accordion"]/div[1]/div[2]/div[1]/a/div/h3[1]/div[2]/span]<br>]]>
    </line>
    <line>
      <![CDATA[Finding Element by locator: By.xpath: //*[@id="accordion"]/div[1]/div[2]/div[1]/a/div/h3[1]/div[2]/span<br>]]>
    </line>
    <line>
      <![CDATA[Element Found: [[ChromeDriver: chrome on WINDOWS (6f5024e00b126591b6d79882b45c5506)] -> xpath: //*[@id="accordion"]/div[1]/div[2]/div[1]/a/div/h3[1]/div[2]/span]<br>]]>
    </line>
    <line>
      <![CDATA[Before Clicking on element: [[ChromeDriver: chrome on WINDOWS (6f5024e00b126591b6d79882b45c5506)] -> xpath: //*[@id="accordion"]/div[1]/div[2]/div[1]/a/div/h3[1]/div[2]/span]<br>]]>
    </line>
    <line>
      <![CDATA[Clicked on element: [[ChromeDriver: chrome on WINDOWS (6f5024e00b126591b6d79882b45c5506)] -> xpath: //*[@id="accordion"]/div[1]/div[2]/div[1]/a/div/h3[1]/div[2]/span]<br>]]>
    </line>
    <line>
      <![CDATA[Finding Element by locator: By.cssSelector: .m-r-20<br>]]>
    </line>
    <line>
      <![CDATA[Element Found: [[ChromeDriver: chrome on WINDOWS (6f5024e00b126591b6d79882b45c5506)] -> css selector: .m-r-20]<br>]]>
    </line>
    <line>
      <![CDATA[Finding Element by locator: By.cssSelector: .m-r-20<br>]]>
    </line>
    <line>
      <![CDATA[Element Found: [[ChromeDriver: chrome on WINDOWS (6f5024e00b126591b6d79882b45c5506)] -> css selector: .m-r-20]<br>]]>
    </line>
    <line>
      <![CDATA[Finding Element by locator: By.cssSelector: .m-r-20<br>]]>
    </line>
    <line>
      <![CDATA[Element Found: [[ChromeDriver: chrome on WINDOWS (6f5024e00b126591b6d79882b45c5506)] -> css selector: .m-r-20]<br>]]>
    </line>
    <line>
      <![CDATA[Before Clicking on element: [[ChromeDriver: chrome on WINDOWS (6f5024e00b126591b6d79882b45c5506)] -> css selector: .m-r-20]<br>]]>
    </line>
    <line>
      <![CDATA[Clicked on element: [[ChromeDriver: chrome on WINDOWS (6f5024e00b126591b6d79882b45c5506)] -> css selector: .m-r-20]<br>]]>
    </line>
    <line>
      <![CDATA[Finding Element by locator: By.cssSelector: .close > a<br>]]>
    </line>
    <line>
      <![CDATA[Finding Element by locator: By.cssSelector: .close > a<br>]]>
    </line>
    <line>
      <![CDATA[Element Found: [[ChromeDriver: chrome on WINDOWS (6f5024e00b126591b6d79882b45c5506)] -> css selector: .close > a]<br>]]>
    </line>
    <line>
      <![CDATA[Finding Element by locator: By.cssSelector: .close > a<br>]]>
    </line>
    <line>
      <![CDATA[Element Found: [[ChromeDriver: chrome on WINDOWS (6f5024e00b126591b6d79882b45c5506)] -> css selector: .close > a]<br>]]>
    </line>
    <line>
      <![CDATA[Finding Element by locator: By.cssSelector: .close > a<br>]]>
    </line>
    <line>
      <![CDATA[Element Found: [[ChromeDriver: chrome on WINDOWS (6f5024e00b126591b6d79882b45c5506)] -> css selector: .close > a]<br>]]>
    </line>
    <line>
      <![CDATA[Before Clicking on element: [[ChromeDriver: chrome on WINDOWS (6f5024e00b126591b6d79882b45c5506)] -> css selector: .close > a]<br>]]>
    </line>
    <line>
      <![CDATA[Clicked on element: [[ChromeDriver: chrome on WINDOWS (6f5024e00b126591b6d79882b45c5506)] -> css selector: .close > a]<br>]]>
    </line>
    <line>
      <![CDATA[Finding Element by locator: By.id: ShipAllItemsInput-FName<br>]]>
    </line>
    <line>
      <![CDATA[Element Found: [[ChromeDriver: chrome on WINDOWS (6f5024e00b126591b6d79882b45c5506)] -> id: ShipAllItemsInput-FName]<br>]]>
    </line>
    <line>
      <![CDATA[Finding Element by locator: By.id: ShipAllItemsInput-FName<br>]]>
    </line>
    <line>
      <![CDATA[Element Found: [[ChromeDriver: chrome on WINDOWS (6f5024e00b126591b6d79882b45c5506)] -> id: ShipAllItemsInput-FName]<br>]]>
    </line>
    <line>
      <![CDATA[Finding Element by locator: By.id: ShipAllItemsInput-FName<br>]]>
    </line>
    <line>
      <![CDATA[Element Found: [[ChromeDriver: chrome on WINDOWS (6f5024e00b126591b6d79882b45c5506)] -> id: ShipAllItemsInput-FName]<br>]]>
    </line>
    <line>
      <![CDATA[Before Clicking on element: [[ChromeDriver: chrome on WINDOWS (6f5024e00b126591b6d79882b45c5506)] -> id: ShipAllItemsInput-FName]<br>]]>
    </line>
    <line>
      <![CDATA[Clicked on element: [[ChromeDriver: chrome on WINDOWS (6f5024e00b126591b6d79882b45c5506)] -> id: ShipAllItemsInput-FName]<br>]]>
    </line>
    <line>
      <![CDATA[Finding Element by locator: By.id: ShipAllItemsInput-FName<br>]]>
    </line>
    <line>
      <![CDATA[Element Found: [[ChromeDriver: chrome on WINDOWS (6f5024e00b126591b6d79882b45c5506)] -> id: ShipAllItemsInput-FName]<br>]]>
    </line>
    <line>
      <![CDATA[Finding Element by locator: By.id: ShipAllItemsInput-FName<br>]]>
    </line>
    <line>
      <![CDATA[Element Found: [[ChromeDriver: chrome on WINDOWS (6f5024e00b126591b6d79882b45c5506)] -> id: ShipAllItemsInput-FName]<br>]]>
    </line>
    <line>
      <![CDATA[Before Changing value of: [[ChromeDriver: chrome on WINDOWS (6f5024e00b126591b6d79882b45c5506)] -> id: ShipAllItemsInput-FName]<br>]]>
    </line>
    <line>
      <![CDATA[After Changing value of: [[ChromeDriver: chrome on WINDOWS (6f5024e00b126591b6d79882b45c5506)] -> id: ShipAllItemsInput-FName]<br>]]>
    </line>
    <line>
      <![CDATA[Finding Element by locator: By.id: ShipAllItemsInput-FName<br>]]>
    </line>
    <line>
      <![CDATA[Element Found: [[ChromeDriver: chrome on WINDOWS (6f5024e00b126591b6d79882b45c5506)] -> id: ShipAllItemsInput-FName]<br>]]>
    </line>
    <line>
      <![CDATA[Finding Element by locator: By.id: ShipAllItemsInput-FName<br>]]>
    </line>
    <line>
      <![CDATA[Element Found: [[ChromeDriver: chrome on WINDOWS (6f5024e00b126591b6d79882b45c5506)] -> id: ShipAllItemsInput-FName]<br>]]>
    </line>
    <line>
      <![CDATA[Before Changing value of: [[ChromeDriver: chrome on WINDOWS (6f5024e00b126591b6d79882b45c5506)] -> id: ShipAllItemsInput-FName]<br>]]>
    </line>
    <line>
      <![CDATA[After Changing value of: [[ChromeDriver: chrome on WINDOWS (6f5024e00b126591b6d79882b45c5506)] -> id: ShipAllItemsInput-FName]<br>]]>
    </line>
    <line>
      <![CDATA[Finding Element by locator: By.id: ShipAllItemsInput-LName<br>]]>
    </line>
    <line>
      <![CDATA[Element Found: [[ChromeDriver: chrome on WINDOWS (6f5024e00b126591b6d79882b45c5506)] -> id: ShipAllItemsInput-LName]<br>]]>
    </line>
    <line>
      <![CDATA[Finding Element by locator: By.id: ShipAllItemsInput-LName<br>]]>
    </line>
    <line>
      <![CDATA[Element Found: [[ChromeDriver: chrome on WINDOWS (6f5024e00b126591b6d79882b45c5506)] -> id: ShipAllItemsInput-LName]<br>]]>
    </line>
    <line>
      <![CDATA[Finding Element by locator: By.id: ShipAllItemsInput-LName<br>]]>
    </line>
    <line>
      <![CDATA[Element Found: [[ChromeDriver: chrome on WINDOWS (6f5024e00b126591b6d79882b45c5506)] -> id: ShipAllItemsInput-LName]<br>]]>
    </line>
    <line>
      <![CDATA[Before Clicking on element: [[ChromeDriver: chrome on WINDOWS (6f5024e00b126591b6d79882b45c5506)] -> id: ShipAllItemsInput-LName]<br>]]>
    </line>
    <line>
      <![CDATA[Clicked on element: [[ChromeDriver: chrome on WINDOWS (6f5024e00b126591b6d79882b45c5506)] -> id: ShipAllItemsInput-LName]<br>]]>
    </line>
    <line>
      <![CDATA[Finding Element by locator: By.id: ShipAllItemsInput-LName<br>]]>
    </line>
    <line>
      <![CDATA[Element Found: [[ChromeDriver: chrome on WINDOWS (6f5024e00b126591b6d79882b45c5506)] -> id: ShipAllItemsInput-LName]<br>]]>
    </line>
    <line>
      <![CDATA[Finding Element by locator: By.id: ShipAllItemsInput-LName<br>]]>
    </line>
    <line>
      <![CDATA[Element Found: [[ChromeDriver: chrome on WINDOWS (6f5024e00b126591b6d79882b45c5506)] -> id: ShipAllItemsInput-LName]<br>]]>
    </line>
    <line>
      <![CDATA[Before Changing value of: [[ChromeDriver: chrome on WINDOWS (6f5024e00b126591b6d79882b45c5506)] -> id: ShipAllItemsInput-LName]<br>]]>
    </line>
    <line>
      <![CDATA[After Changing value of: [[ChromeDriver: chrome on WINDOWS (6f5024e00b126591b6d79882b45c5506)] -> id: ShipAllItemsInput-LName]<br>]]>
    </line>
    <line>
      <![CDATA[Finding Element by locator: By.id: ShipAllItemsInput-LName<br>]]>
    </line>
    <line>
      <![CDATA[Element Found: [[ChromeDriver: chrome on WINDOWS (6f5024e00b126591b6d79882b45c5506)] -> id: ShipAllItemsInput-LName]<br>]]>
    </line>
    <line>
      <![CDATA[Finding Element by locator: By.id: ShipAllItemsInput-LName<br>]]>
    </line>
    <line>
      <![CDATA[Element Found: [[ChromeDriver: chrome on WINDOWS (6f5024e00b126591b6d79882b45c5506)] -> id: ShipAllItemsInput-LName]<br>]]>
    </line>
    <line>
      <![CDATA[Before Changing value of: [[ChromeDriver: chrome on WINDOWS (6f5024e00b126591b6d79882b45c5506)] -> id: ShipAllItemsInput-LName]<br>]]>
    </line>
    <line>
      <![CDATA[After Changing value of: [[ChromeDriver: chrome on WINDOWS (6f5024e00b126591b6d79882b45c5506)] -> id: ShipAllItemsInput-LName]<br>]]>
    </line>
    <line>
      <![CDATA[Finding Element by locator: By.id: ShipAllItemsInput-Email<br>]]>
    </line>
    <line>
      <![CDATA[Element Found: [[ChromeDriver: chrome on WINDOWS (6f5024e00b126591b6d79882b45c5506)] -> id: ShipAllItemsInput-Email]<br>]]>
    </line>
    <line>
      <![CDATA[Finding Element by locator: By.id: ShipAllItemsInput-Email<br>]]>
    </line>
    <line>
      <![CDATA[Element Found: [[ChromeDriver: chrome on WINDOWS (6f5024e00b126591b6d79882b45c5506)] -> id: ShipAllItemsInput-Email]<br>]]>
    </line>
    <line>
      <![CDATA[Finding Element by locator: By.id: ShipAllItemsInput-Email<br>]]>
    </line>
    <line>
      <![CDATA[Element Found: [[ChromeDriver: chrome on WINDOWS (6f5024e00b126591b6d79882b45c5506)] -> id: ShipAllItemsInput-Email]<br>]]>
    </line>
    <line>
      <![CDATA[Before Clicking on element: [[ChromeDriver: chrome on WINDOWS (6f5024e00b126591b6d79882b45c5506)] -> id: ShipAllItemsInput-Email]<br>]]>
    </line>
    <line>
      <![CDATA[Clicked on element: [[ChromeDriver: chrome on WINDOWS (6f5024e00b126591b6d79882b45c5506)] -> id: ShipAllItemsInput-Email]<br>]]>
    </line>
    <line>
      <![CDATA[Finding Element by locator: By.id: ShipAllItemsInput-Email<br>]]>
    </line>
    <line>
      <![CDATA[Element Found: [[ChromeDriver: chrome on WINDOWS (6f5024e00b126591b6d79882b45c5506)] -> id: ShipAllItemsInput-Email]<br>]]>
    </line>
    <line>
      <![CDATA[Finding Element by locator: By.id: ShipAllItemsInput-Email<br>]]>
    </line>
    <line>
      <![CDATA[Element Found: [[ChromeDriver: chrome on WINDOWS (6f5024e00b126591b6d79882b45c5506)] -> id: ShipAllItemsInput-Email]<br>]]>
    </line>
    <line>
      <![CDATA[Before Changing value of: [[ChromeDriver: chrome on WINDOWS (6f5024e00b126591b6d79882b45c5506)] -> id: ShipAllItemsInput-Email]<br>]]>
    </line>
    <line>
      <![CDATA[After Changing value of: [[ChromeDriver: chrome on WINDOWS (6f5024e00b126591b6d79882b45c5506)] -> id: ShipAllItemsInput-Email]<br>]]>
    </line>
    <line>
      <![CDATA[Finding Element by locator: By.id: ShipAllItemsInput-Email<br>]]>
    </line>
    <line>
      <![CDATA[Element Found: [[ChromeDriver: chrome on WINDOWS (6f5024e00b126591b6d79882b45c5506)] -> id: ShipAllItemsInput-Email]<br>]]>
    </line>
    <line>
      <![CDATA[Finding Element by locator: By.id: ShipAllItemsInput-Email<br>]]>
    </line>
    <line>
      <![CDATA[Element Found: [[ChromeDriver: chrome on WINDOWS (6f5024e00b126591b6d79882b45c5506)] -> id: ShipAllItemsInput-Email]<br>]]>
    </line>
    <line>
      <![CDATA[Before Changing value of: [[ChromeDriver: chrome on WINDOWS (6f5024e00b126591b6d79882b45c5506)] -> id: ShipAllItemsInput-Email]<br>]]>
    </line>
    <line>
      <![CDATA[After Changing value of: [[ChromeDriver: chrome on WINDOWS (6f5024e00b126591b6d79882b45c5506)] -> id: ShipAllItemsInput-Email]<br>]]>
    </line>
    <line>
      <![CDATA[Finding Element by locator: By.id: ShipAllItemsInput-Phone<br>]]>
    </line>
    <line>
      <![CDATA[Element Found: [[ChromeDriver: chrome on WINDOWS (6f5024e00b126591b6d79882b45c5506)] -> id: ShipAllItemsInput-Phone]<br>]]>
    </line>
    <line>
      <![CDATA[Finding Element by locator: By.id: ShipAllItemsInput-Phone<br>]]>
    </line>
    <line>
      <![CDATA[Element Found: [[ChromeDriver: chrome on WINDOWS (6f5024e00b126591b6d79882b45c5506)] -> id: ShipAllItemsInput-Phone]<br>]]>
    </line>
    <line>
      <![CDATA[Finding Element by locator: By.id: ShipAllItemsInput-Phone<br>]]>
    </line>
    <line>
      <![CDATA[Element Found: [[ChromeDriver: chrome on WINDOWS (6f5024e00b126591b6d79882b45c5506)] -> id: ShipAllItemsInput-Phone]<br>]]>
    </line>
    <line>
      <![CDATA[Before Clicking on element: [[ChromeDriver: chrome on WINDOWS (6f5024e00b126591b6d79882b45c5506)] -> id: ShipAllItemsInput-Phone]<br>]]>
    </line>
    <line>
      <![CDATA[Clicked on element: [[ChromeDriver: chrome on WINDOWS (6f5024e00b126591b6d79882b45c5506)] -> id: ShipAllItemsInput-Phone]<br>]]>
    </line>
    <line>
      <![CDATA[Finding Element by locator: By.id: ShipAllItemsInput-Phone<br>]]>
    </line>
    <line>
      <![CDATA[Element Found: [[ChromeDriver: chrome on WINDOWS (6f5024e00b126591b6d79882b45c5506)] -> id: ShipAllItemsInput-Phone]<br>]]>
    </line>
    <line>
      <![CDATA[Finding Element by locator: By.id: ShipAllItemsInput-Phone<br>]]>
    </line>
    <line>
      <![CDATA[Element Found: [[ChromeDriver: chrome on WINDOWS (6f5024e00b126591b6d79882b45c5506)] -> id: ShipAllItemsInput-Phone]<br>]]>
    </line>
    <line>
      <![CDATA[Before Changing value of: [[ChromeDriver: chrome on WINDOWS (6f5024e00b126591b6d79882b45c5506)] -> id: ShipAllItemsInput-Phone]<br>]]>
    </line>
    <line>
      <![CDATA[After Changing value of: [[ChromeDriver: chrome on WINDOWS (6f5024e00b126591b6d79882b45c5506)] -> id: ShipAllItemsInput-Phone]<br>]]>
    </line>
    <line>
      <![CDATA[Finding Element by locator: By.id: ShipAllItemsInput-Phone<br>]]>
    </line>
    <line>
      <![CDATA[Element Found: [[ChromeDriver: chrome on WINDOWS (6f5024e00b126591b6d79882b45c5506)] -> id: ShipAllItemsInput-Phone]<br>]]>
    </line>
    <line>
      <![CDATA[Finding Element by locator: By.id: ShipAllItemsInput-Phone<br>]]>
    </line>
    <line>
      <![CDATA[Element Found: [[ChromeDriver: chrome on WINDOWS (6f5024e00b126591b6d79882b45c5506)] -> id: ShipAllItemsInput-Phone]<br>]]>
    </line>
    <line>
      <![CDATA[Before Changing value of: [[ChromeDriver: chrome on WINDOWS (6f5024e00b126591b6d79882b45c5506)] -> id: ShipAllItemsInput-Phone]<br>]]>
    </line>
    <line>
      <![CDATA[After Changing value of: [[ChromeDriver: chrome on WINDOWS (6f5024e00b126591b6d79882b45c5506)] -> id: ShipAllItemsInput-Phone]<br>]]>
    </line>
    <line>
      <![CDATA[Finding Element by locator: By.id: form2Address1<br>]]>
    </line>
    <line>
      <![CDATA[Element Found: [[ChromeDriver: chrome on WINDOWS (6f5024e00b126591b6d79882b45c5506)] -> id: form2Address1]<br>]]>
    </line>
    <line>
      <![CDATA[Finding Element by locator: By.id: form2Address1<br>]]>
    </line>
    <line>
      <![CDATA[Element Found: [[ChromeDriver: chrome on WINDOWS (6f5024e00b126591b6d79882b45c5506)] -> id: form2Address1]<br>]]>
    </line>
    <line>
      <![CDATA[Finding Element by locator: By.id: form2Address1<br>]]>
    </line>
    <line>
      <![CDATA[Element Found: [[ChromeDriver: chrome on WINDOWS (6f5024e00b126591b6d79882b45c5506)] -> id: form2Address1]<br>]]>
    </line>
    <line>
      <![CDATA[Before Clicking on element: [[ChromeDriver: chrome on WINDOWS (6f5024e00b126591b6d79882b45c5506)] -> id: form2Address1]<br>]]>
    </line>
    <line>
      <![CDATA[Finding Element by locator: By.id: form2Address1<br>]]>
    </line>
    <line>
      <![CDATA[Element Found: [[ChromeDriver: chrome on WINDOWS (6f5024e00b126591b6d79882b45c5506)] -> id: form2Address1]<br>]]>
    </line>
    <line>
      <![CDATA[Before Script: arguments[0].click();<br>]]>
    </line>
    <line>
      <![CDATA[Finding Element by locator: By.id: form2Address1<br>]]>
    </line>
    <line>
      <![CDATA[Element Found: [[ChromeDriver: chrome on WINDOWS (6f5024e00b126591b6d79882b45c5506)] -> id: form2Address1]<br>]]>
    </line>
    <line>
      <![CDATA[After Script: arguments[0].click();<br>]]>
    </line>
    <line>
      <![CDATA[Finding Element by locator: By.id: form2Address1<br>]]>
    </line>
    <line>
      <![CDATA[Element Found: [[ChromeDriver: chrome on WINDOWS (6f5024e00b126591b6d79882b45c5506)] -> id: form2Address1]<br>]]>
    </line>
    <line>
      <![CDATA[Finding Element by locator: By.id: form2Address1<br>]]>
    </line>
    <line>
      <![CDATA[Element Found: [[ChromeDriver: chrome on WINDOWS (6f5024e00b126591b6d79882b45c5506)] -> id: form2Address1]<br>]]>
    </line>
    <line>
      <![CDATA[Before Changing value of: [[ChromeDriver: chrome on WINDOWS (6f5024e00b126591b6d79882b45c5506)] -> id: form2Address1]<br>]]>
    </line>
    <line>
      <![CDATA[After Changing value of: [[ChromeDriver: chrome on WINDOWS (6f5024e00b126591b6d79882b45c5506)] -> id: form2Address1]<br>]]>
    </line>
    <line>
      <![CDATA[Finding Element by locator: By.id: form2Address1<br>]]>
    </line>
    <line>
      <![CDATA[Element Found: [[ChromeDriver: chrome on WINDOWS (6f5024e00b126591b6d79882b45c5506)] -> id: form2Address1]<br>]]>
    </line>
    <line>
      <![CDATA[Finding Element by locator: By.id: form2Address1<br>]]>
    </line>
    <line>
      <![CDATA[Element Found: [[ChromeDriver: chrome on WINDOWS (6f5024e00b126591b6d79882b45c5506)] -> id: form2Address1]<br>]]>
    </line>
    <line>
      <![CDATA[Before Changing value of: [[ChromeDriver: chrome on WINDOWS (6f5024e00b126591b6d79882b45c5506)] -> id: form2Address1]<br>]]>
    </line>
    <line>
      <![CDATA[After Changing value of: [[ChromeDriver: chrome on WINDOWS (6f5024e00b126591b6d79882b45c5506)] -> id: form2Address1]<br>]]>
    </line>
    <line>
      <![CDATA[Finding Element by locator: By.id: form2City<br>]]>
    </line>
    <line>
      <![CDATA[Element Found: [[ChromeDriver: chrome on WINDOWS (6f5024e00b126591b6d79882b45c5506)] -> id: form2City]<br>]]>
    </line>
    <line>
      <![CDATA[Finding Element by locator: By.id: form2City<br>]]>
    </line>
    <line>
      <![CDATA[Element Found: [[ChromeDriver: chrome on WINDOWS (6f5024e00b126591b6d79882b45c5506)] -> id: form2City]<br>]]>
    </line>
    <line>
      <![CDATA[Finding Element by locator: By.id: form2City<br>]]>
    </line>
    <line>
      <![CDATA[Element Found: [[ChromeDriver: chrome on WINDOWS (6f5024e00b126591b6d79882b45c5506)] -> id: form2City]<br>]]>
    </line>
    <line>
      <![CDATA[Before Clicking on element: [[ChromeDriver: chrome on WINDOWS (6f5024e00b126591b6d79882b45c5506)] -> id: form2City]<br>]]>
    </line>
    <line>
      <![CDATA[Finding Element by locator: By.id: form2City<br>]]>
    </line>
    <line>
      <![CDATA[Element Found: [[ChromeDriver: chrome on WINDOWS (6f5024e00b126591b6d79882b45c5506)] -> id: form2City]<br>]]>
    </line>
    <line>
      <![CDATA[Before Script: arguments[0].click();<br>]]>
    </line>
    <line>
      <![CDATA[Finding Element by locator: By.id: form2City<br>]]>
    </line>
    <line>
      <![CDATA[Element Found: [[ChromeDriver: chrome on WINDOWS (6f5024e00b126591b6d79882b45c5506)] -> id: form2City]<br>]]>
    </line>
    <line>
      <![CDATA[After Script: arguments[0].click();<br>]]>
    </line>
    <line>
      <![CDATA[Finding Element by locator: By.id: form2City<br>]]>
    </line>
    <line>
      <![CDATA[Element Found: [[ChromeDriver: chrome on WINDOWS (6f5024e00b126591b6d79882b45c5506)] -> id: form2City]<br>]]>
    </line>
    <line>
      <![CDATA[Finding Element by locator: By.id: form2City<br>]]>
    </line>
    <line>
      <![CDATA[Element Found: [[ChromeDriver: chrome on WINDOWS (6f5024e00b126591b6d79882b45c5506)] -> id: form2City]<br>]]>
    </line>
    <line>
      <![CDATA[Before Changing value of: [[ChromeDriver: chrome on WINDOWS (6f5024e00b126591b6d79882b45c5506)] -> id: form2City]<br>]]>
    </line>
    <line>
      <![CDATA[After Changing value of: [[ChromeDriver: chrome on WINDOWS (6f5024e00b126591b6d79882b45c5506)] -> id: form2City]<br>]]>
    </line>
    <line>
      <![CDATA[Finding Element by locator: By.id: form2City<br>]]>
    </line>
    <line>
      <![CDATA[Element Found: [[ChromeDriver: chrome on WINDOWS (6f5024e00b126591b6d79882b45c5506)] -> id: form2City]<br>]]>
    </line>
    <line>
      <![CDATA[Finding Element by locator: By.id: form2City<br>]]>
    </line>
    <line>
      <![CDATA[Element Found: [[ChromeDriver: chrome on WINDOWS (6f5024e00b126591b6d79882b45c5506)] -> id: form2City]<br>]]>
    </line>
    <line>
      <![CDATA[Before Changing value of: [[ChromeDriver: chrome on WINDOWS (6f5024e00b126591b6d79882b45c5506)] -> id: form2City]<br>]]>
    </line>
    <line>
      <![CDATA[After Changing value of: [[ChromeDriver: chrome on WINDOWS (6f5024e00b126591b6d79882b45c5506)] -> id: form2City]<br>]]>
    </line>
    <line>
      <![CDATA[Finding Element by locator: By.id: form2States<br>]]>
    </line>
    <line>
      <![CDATA[Element Found: [[ChromeDriver: chrome on WINDOWS (6f5024e00b126591b6d79882b45c5506)] -> id: form2States]<br>]]>
    </line>
    <line>
      <![CDATA[Finding Element by locator: By.id: form2States<br>]]>
    </line>
    <line>
      <![CDATA[Element Found: [[ChromeDriver: chrome on WINDOWS (6f5024e00b126591b6d79882b45c5506)] -> id: form2States]<br>]]>
    </line>
    <line>
      <![CDATA[Finding Element by locator: By.id: form2States<br>]]>
    </line>
    <line>
      <![CDATA[Element Found: [[ChromeDriver: chrome on WINDOWS (6f5024e00b126591b6d79882b45c5506)] -> id: form2States]<br>]]>
    </line>
    <line>
      <![CDATA[Before Clicking on element: [[ChromeDriver: chrome on WINDOWS (6f5024e00b126591b6d79882b45c5506)] -> id: form2States]<br>]]>
    </line>
    <line>
      <![CDATA[Finding Element by locator: By.id: form2States<br>]]>
    </line>
    <line>
      <![CDATA[Element Found: [[ChromeDriver: chrome on WINDOWS (6f5024e00b126591b6d79882b45c5506)] -> id: form2States]<br>]]>
    </line>
    <line>
      <![CDATA[Before Script: arguments[0].click();<br>]]>
    </line>
    <line>
      <![CDATA[Finding Element by locator: By.id: form2States<br>]]>
    </line>
    <line>
      <![CDATA[Element Found: [[ChromeDriver: chrome on WINDOWS (6f5024e00b126591b6d79882b45c5506)] -> id: form2States]<br>]]>
    </line>
    <line>
      <![CDATA[After Script: arguments[0].click();<br>]]>
    </line>
    <line>
      <![CDATA[Finding Element by locator: By.id: form2States<br>]]>
    </line>
    <line>
      <![CDATA[Element Found: [[ChromeDriver: chrome on WINDOWS (6f5024e00b126591b6d79882b45c5506)] -> id: form2States]<br>]]>
    </line>
    <line>
      <![CDATA[Finding Element by locator: By.id: form2States<br>]]>
    </line>
    <line>
      <![CDATA[Element Found: [[ChromeDriver: chrome on WINDOWS (6f5024e00b126591b6d79882b45c5506)] -> id: form2States]<br>]]>
    </line>
    <line>
      <![CDATA[Before Changing value of: [[ChromeDriver: chrome on WINDOWS (6f5024e00b126591b6d79882b45c5506)] -> id: form2States]<br>]]>
    </line>
  </reporter-output>
  <suite started-at="2022-09-29T10:48:25Z" name="Default suite" finished-at="2022-09-29T10:50:17Z" duration-ms="112261">
    <groups>
    </groups>
    <test started-at="2022-09-29T10:48:25Z" name="Default test" finished-at="2022-09-29T10:50:17Z" duration-ms="112261">
      <class name="suite.test.CheckoutTest">
        <test-method is-config="true" signature="setUpEnv(java.lang.String)[pri:0, instance:suite.test.CheckoutTest@16fb356]" started-at="2022-09-29T10:48:25Z" name="setUpEnv" finished-at="2022-09-29T10:48:25Z" duration-ms="11" status="PASS">
          <params>
            <param index="0">
              <value>
                <![CDATA[qa]]>
              </value>
            </param>
          </params>
          <reporter-output>
          </reporter-output>
        </test-method> <!-- setUpEnv -->
        <test-method is-config="true" signature="setDriver(java.lang.String)[pri:0, instance:suite.test.CheckoutTest@16fb356]" started-at="2022-09-29T10:48:25Z" name="setDriver" finished-at="2022-09-29T10:48:28Z" duration-ms="3187" status="PASS">
          <params>
            <param index="0">
              <value>
                <![CDATA[chrome]]>
              </value>
            </param>
          </params>
          <reporter-output>
          </reporter-output>
        </test-method> <!-- setDriver -->
        <test-method signature="GuestUser_GroundShipping_Visa()[pri:0, instance:suite.test.CheckoutTest@16fb356]" started-at="2022-09-29T10:48:28Z" name="GuestUser_GroundShipping_Visa" description="Checkout-Placed order using guest user with ground shipping using visa credit card" finished-at="2022-09-29T10:50:15Z" duration-ms="107437" status="FAIL">
          <exception class="org.openqa.selenium.InvalidElementStateException">
            <message>
              <![CDATA[invalid element state
  (Session info: chrome=105.0.5195.127)
Build info: version: '3.141.0', revision: '2ecb7d9a', time: '2018-10-31T20:09:30'
System info: host: 'KHUSHBOO-JAIN', ip: '192.168.29.45', os.name: 'Windows 10', os.arch: 'amd64', os.version: '10.0', java.version: '11.0.11'
Driver info: org.openqa.selenium.chrome.ChromeDriver
Capabilities {acceptInsecureCerts: false, browserName: chrome, browserVersion: 105.0.5195.127, chrome: {chromedriverVersion: 105.0.5195.52 (412c95e51883..., userDataDir: C:\Users\KHUSHB~1.JAI\AppDa...}, goog:chromeOptions: {debuggerAddress: localhost:63072}, javascriptEnabled: true, networkConnectionEnabled: false, pageLoadStrategy: normal, platform: WINDOWS, platformName: WINDOWS, proxy: Proxy(), setWindowRect: true, strictFileInteractability: false, timeouts: {implicit: 0, pageLoad: 300000, script: 30000}, unhandledPromptBehavior: accept, webauthn:extension:credBlob: true, webauthn:extension:largeBlob: true, webauthn:virtualAuthenticators: true}
Session ID: 6f5024e00b126591b6d79882b45c5506]]>
            </message>
            <full-stacktrace>
              <![CDATA[org.openqa.selenium.InvalidElementStateException: invalid element state
  (Session info: chrome=105.0.5195.127)
Build info: version: '3.141.0', revision: '2ecb7d9a', time: '2018-10-31T20:09:30'
System info: host: 'KHUSHBOO-JAIN', ip: '192.168.29.45', os.name: 'Windows 10', os.arch: 'amd64', os.version: '10.0', java.version: '11.0.11'
Driver info: org.openqa.selenium.chrome.ChromeDriver
Capabilities {acceptInsecureCerts: false, browserName: chrome, browserVersion: 105.0.5195.127, chrome: {chromedriverVersion: 105.0.5195.52 (412c95e51883..., userDataDir: C:\Users\KHUSHB~1.JAI\AppDa...}, goog:chromeOptions: {debuggerAddress: localhost:63072}, javascriptEnabled: true, networkConnectionEnabled: false, pageLoadStrategy: normal, platform: WINDOWS, platformName: WINDOWS, proxy: Proxy(), setWindowRect: true, strictFileInteractability: false, timeouts: {implicit: 0, pageLoad: 300000, script: 30000}, unhandledPromptBehavior: accept, webauthn:extension:credBlob: true, webauthn:extension:largeBlob: true, webauthn:virtualAuthenticators: true}
Session ID: 6f5024e00b126591b6d79882b45c5506
at java.base/jdk.internal.reflect.NativeConstructorAccessorImpl.newInstance0(Native Method)
at java.base/jdk.internal.reflect.NativeConstructorAccessorImpl.newInstance(NativeConstructorAccessorImpl.java:62)
at java.base/jdk.internal.reflect.DelegatingConstructorAccessorImpl.newInstance(DelegatingConstructorAccessorImpl.java:45)
at java.base/java.lang.reflect.Constructor.newInstance(Constructor.java:490)
at org.openqa.selenium.remote.http.W3CHttpResponseCodec.createException(W3CHttpResponseCodec.java:187)
at org.openqa.selenium.remote.http.W3CHttpResponseCodec.decode(W3CHttpResponseCodec.java:122)
at org.openqa.selenium.remote.http.W3CHttpResponseCodec.decode(W3CHttpResponseCodec.java:49)
at org.openqa.selenium.remote.HttpCommandExecutor.execute(HttpCommandExecutor.java:158)
at org.openqa.selenium.remote.service.DriverCommandExecutor.execute(DriverCommandExecutor.java:83)
at org.openqa.selenium.remote.RemoteWebDriver.execute(RemoteWebDriver.java:552)
at org.openqa.selenium.remote.RemoteWebElement.execute(RemoteWebElement.java:285)
at org.openqa.selenium.remote.RemoteWebElement.clear(RemoteWebElement.java:124)
at java.base/jdk.internal.reflect.NativeMethodAccessorImpl.invoke0(Native Method)
at java.base/jdk.internal.reflect.NativeMethodAccessorImpl.invoke(NativeMethodAccessorImpl.java:62)
at java.base/jdk.internal.reflect.DelegatingMethodAccessorImpl.invoke(DelegatingMethodAccessorImpl.java:43)
at java.base/java.lang.reflect.Method.invoke(Method.java:566)
at org.openqa.selenium.support.events.EventFiringWebDriver$EventFiringWebElement.lambda$new$0(EventFiringWebDriver.java:404)
at com.sun.proxy.$Proxy20.clear(Unknown Source)
at org.openqa.selenium.support.events.EventFiringWebDriver$EventFiringWebElement.clear(EventFiringWebDriver.java:436)
at java.base/jdk.internal.reflect.NativeMethodAccessorImpl.invoke0(Native Method)
at java.base/jdk.internal.reflect.NativeMethodAccessorImpl.invoke(NativeMethodAccessorImpl.java:62)
at java.base/jdk.internal.reflect.DelegatingMethodAccessorImpl.invoke(DelegatingMethodAccessorImpl.java:43)
at java.base/java.lang.reflect.Method.invoke(Method.java:566)
at org.openqa.selenium.support.pagefactory.internal.LocatingElementHandler.invoke(LocatingElementHandler.java:51)
at com.sun.proxy.$Proxy18.clear(Unknown Source)
at suite.base.PageBase.setText(PageBase.java:253)
at suite.page.CheckoutPage.selectGuestState(CheckoutPage.java:477)
at suite.test.CheckoutTest.GuestUser_GroundShipping_Visa(CheckoutTest.java:121)
at java.base/jdk.internal.reflect.NativeMethodAccessorImpl.invoke0(Native Method)
at java.base/jdk.internal.reflect.NativeMethodAccessorImpl.invoke(NativeMethodAccessorImpl.java:62)
at java.base/jdk.internal.reflect.DelegatingMethodAccessorImpl.invoke(DelegatingMethodAccessorImpl.java:43)
at java.base/java.lang.reflect.Method.invoke(Method.java:566)
at org.testng.internal.MethodInvocationHelper.invokeMethod(MethodInvocationHelper.java:124)
at org.testng.internal.Invoker.invokeMethod(Invoker.java:583)
at org.testng.internal.Invoker.invokeTestMethod(Invoker.java:719)
at org.testng.internal.Invoker.invokeTestMethods(Invoker.java:989)
at org.testng.internal.TestMethodWorker.invokeTestMethods(TestMethodWorker.java:125)
at org.testng.internal.TestMethodWorker.run(TestMethodWorker.java:109)
at org.testng.TestRunner.privateRun(TestRunner.java:648)
at org.testng.TestRunner.run(TestRunner.java:505)
at org.testng.SuiteRunner.runTest(SuiteRunner.java:455)
at org.testng.SuiteRunner.runSequentially(SuiteRunner.java:450)
at org.testng.SuiteRunner.privateRun(SuiteRunner.java:415)
at org.testng.SuiteRunner.run(SuiteRunner.java:364)
at org.testng.SuiteRunnerWorker.runSuite(SuiteRunnerWorker.java:52)
at org.testng.SuiteRunnerWorker.run(SuiteRunnerWorker.java:84)
at org.testng.TestNG.runSuitesSequentially(TestNG.java:1208)
at org.testng.TestNG.runSuitesLocally(TestNG.java:1137)
at org.testng.TestNG.runSuites(TestNG.java:1049)
at org.testng.TestNG.run(TestNG.java:1017)
at org.testng.remote.AbstractRemoteTestNG.run(AbstractRemoteTestNG.java:115)
at org.testng.remote.RemoteTestNG.initAndRun(RemoteTestNG.java:251)
at org.testng.remote.RemoteTestNG.main(RemoteTestNG.java:77)
]]>
            </full-stacktrace>
          </exception> <!-- org.openqa.selenium.InvalidElementStateException -->
          <reporter-output>
            <line>
              <![CDATA[Navigating to url: https:uatcommerce.brother-usa.com/products/MFCJ5830DW<br>]]>
            </line>
            <line>
              <![CDATA[Navigated to url: https:uatcommerce.brother-usa.com/products/MFCJ5830DW<br>]]>
            </line>
            <line>
              <![CDATA[Finding Element by locator: By.cssSelector: .close > a<br>]]>
            </line>
            <line>
              <![CDATA[Element Found: [[ChromeDriver: chrome on WINDOWS (6f5024e00b126591b6d79882b45c5506)] -> css selector: .close > a]<br>]]>
            </line>
            <line>
              <![CDATA[Finding Element by locator: By.cssSelector: .close > a<br>]]>
            </line>
            <line>
              <![CDATA[Element Found: [[ChromeDriver: chrome on WINDOWS (6f5024e00b126591b6d79882b45c5506)] -> css selector: .close > a]<br>]]>
            </line>
            <line>
              <![CDATA[Finding Element by locator: By.cssSelector: .close > a<br>]]>
            </line>
            <line>
              <![CDATA[Element Found: [[ChromeDriver: chrome on WINDOWS (6f5024e00b126591b6d79882b45c5506)] -> css selector: .close > a]<br>]]>
            </line>
            <line>
              <![CDATA[Before Clicking on element: [[ChromeDriver: chrome on WINDOWS (6f5024e00b126591b6d79882b45c5506)] -> css selector: .close > a]<br>]]>
            </line>
            <line>
              <![CDATA[Finding Element by locator: By.cssSelector: .close > a<br>]]>
            </line>
            <line>
              <![CDATA[Element Found: [[ChromeDriver: chrome on WINDOWS (6f5024e00b126591b6d79882b45c5506)] -> css selector: .close > a]<br>]]>
            </line>
            <line>
              <![CDATA[Before Script: arguments[0].click();<br>]]>
            </line>
            <line>
              <![CDATA[Finding Element by locator: By.cssSelector: .close > a<br>]]>
            </line>
            <line>
              <![CDATA[Element Found: [[ChromeDriver: chrome on WINDOWS (6f5024e00b126591b6d79882b45c5506)] -> css selector: .close > a]<br>]]>
            </line>
            <line>
              <![CDATA[After Script: arguments[0].click();<br>]]>
            </line>
            <line>
              <![CDATA[Finding Element by locator: By.cssSelector: .close_button-14102-button.close_button-14102-button-d2.bluecoreCloseButton<br>]]>
            </line>
            <line>
              <![CDATA[Finding Element by locator: By.cssSelector: .close_button-14102-button.close_button-14102-button-d2.bluecoreCloseButton<br>]]>
            </line>
            <line>
              <![CDATA[Finding Element by locator: By.cssSelector: .close_button-14102-button.close_button-14102-button-d2.bluecoreCloseButton<br>]]>
            </line>
            <line>
              <![CDATA[Finding Element by locator: By.cssSelector: .close_button-14102-button.close_button-14102-button-d2.bluecoreCloseButton<br>]]>
            </line>
            <line>
              <![CDATA[Finding Element by locator: By.cssSelector: .close_button-14102-button.close_button-14102-button-d2.bluecoreCloseButton<br>]]>
            </line>
            <line>
              <![CDATA[Finding Element by locator: By.cssSelector: .close_button-14102-button.close_button-14102-button-d2.bluecoreCloseButton<br>]]>
            </line>
            <line>
              <![CDATA[Finding Element by locator: By.cssSelector: .close_button-14102-button.close_button-14102-button-d2.bluecoreCloseButton<br>]]>
            </line>
            <line>
              <![CDATA[Finding Element by locator: By.cssSelector: .close_button-14102-button.close_button-14102-button-d2.bluecoreCloseButton<br>]]>
            </line>
            <line>
              <![CDATA[Finding Element by locator: By.cssSelector: .close_button-14102-button.close_button-14102-button-d2.bluecoreCloseButton<br>]]>
            </line>
            <line>
              <![CDATA[Finding Element by locator: By.cssSelector: .close_button-14102-button.close_button-14102-button-d2.bluecoreCloseButton<br>]]>
            </line>
            <line>
              <![CDATA[Finding Element by locator: By.cssSelector: .close_button-14102-button.close_button-14102-button-d2.bluecoreCloseButton<br>]]>
            </line>
            <line>
              <![CDATA[Finding Element by locator: By.cssSelector: .close_button-14102-button.close_button-14102-button-d2.bluecoreCloseButton<br>]]>
            </line>
            <line>
              <![CDATA[Finding Element by locator: By.cssSelector: .close_button-14102-button.close_button-14102-button-d2.bluecoreCloseButton<br>]]>
            </line>
            <line>
              <![CDATA[Finding Element by locator: By.cssSelector: .close_button-14102-button.close_button-14102-button-d2.bluecoreCloseButton<br>]]>
            </line>
            <line>
              <![CDATA[Finding Element by locator: By.cssSelector: .close_button-14102-button.close_button-14102-button-d2.bluecoreCloseButton<br>]]>
            </line>
            <line>
              <![CDATA[Finding Element by locator: By.cssSelector: .close_button-14102-button.close_button-14102-button-d2.bluecoreCloseButton<br>]]>
            </line>
            <line>
              <![CDATA[Finding Element by locator: By.cssSelector: .close_button-14102-button.close_button-14102-button-d2.bluecoreCloseButton<br>]]>
            </line>
            <line>
              <![CDATA[Finding Element by locator: By.cssSelector: .close_button-14102-button.close_button-14102-button-d2.bluecoreCloseButton<br>]]>
            </line>
            <line>
              <![CDATA[Finding Element by locator: By.cssSelector: .close_button-14102-button.close_button-14102-button-d2.bluecoreCloseButton<br>]]>
            </line>
            <line>
              <![CDATA[Finding Element by locator: By.cssSelector: .close_button-14102-button.close_button-14102-button-d2.bluecoreCloseButton<br>]]>
            </line>
            <line>
              <![CDATA[Finding Element by locator: By.cssSelector: .close_button-14102-button.close_button-14102-button-d2.bluecoreCloseButton<br>]]>
            </line>
            <line>
              <![CDATA[Finding Element by locator: By.cssSelector: .close_button-14102-button.close_button-14102-button-d2.bluecoreCloseButton<br>]]>
            </line>
            <line>
              <![CDATA[Finding Element by locator: By.cssSelector: .close_button-14102-button.close_button-14102-button-d2.bluecoreCloseButton<br>]]>
            </line>
            <line>
              <![CDATA[Finding Element by locator: By.cssSelector: .close_button-14102-button.close_button-14102-button-d2.bluecoreCloseButton<br>]]>
            </line>
            <line>
              <![CDATA[Finding Element by locator: By.cssSelector: .close_button-14102-button.close_button-14102-button-d2.bluecoreCloseButton<br>]]>
            </line>
            <line>
              <![CDATA[Finding Element by locator: By.cssSelector: .close_button-14102-button.close_button-14102-button-d2.bluecoreCloseButton<br>]]>
            </line>
            <line>
              <![CDATA[Finding Element by locator: By.cssSelector: .close_button-14102-button.close_button-14102-button-d2.bluecoreCloseButton<br>]]>
            </line>
            <line>
              <![CDATA[Finding Element by locator: By.cssSelector: .close_button-14102-button.close_button-14102-button-d2.bluecoreCloseButton<br>]]>
            </line>
            <line>
              <![CDATA[Finding Element by locator: By.cssSelector: .close_button-14102-button.close_button-14102-button-d2.bluecoreCloseButton<br>]]>
            </line>
            <line>
              <![CDATA[Finding Element by locator: By.cssSelector: .close_button-14102-button.close_button-14102-button-d2.bluecoreCloseButton<br>]]>
            </line>
            <line>
              <![CDATA[Finding Element by locator: By.cssSelector: .close_button-14102-button.close_button-14102-button-d2.bluecoreCloseButton<br>]]>
            </line>
            <line>
              <![CDATA[Finding Element by locator: By.cssSelector: .close_button-14102-button.close_button-14102-button-d2.bluecoreCloseButton<br>]]>
            </line>
            <line>
              <![CDATA[Finding Element by locator: By.cssSelector: .close_button-14102-button.close_button-14102-button-d2.bluecoreCloseButton<br>]]>
            </line>
            <line>
              <![CDATA[Finding Element by locator: By.cssSelector: .close_button-14102-button.close_button-14102-button-d2.bluecoreCloseButton<br>]]>
            </line>
            <line>
              <![CDATA[Finding Element by locator: By.cssSelector: .close_button-14102-button.close_button-14102-button-d2.bluecoreCloseButton<br>]]>
            </line>
            <line>
              <![CDATA[Finding Element by locator: By.cssSelector: .close_button-14102-button.close_button-14102-button-d2.bluecoreCloseButton<br>]]>
            </line>
            <line>
              <![CDATA[Finding Element by locator: By.cssSelector: .close_button-14102-button.close_button-14102-button-d2.bluecoreCloseButton<br>]]>
            </line>
            <line>
              <![CDATA[Finding Element by locator: By.cssSelector: .close_button-14102-button.close_button-14102-button-d2.bluecoreCloseButton<br>]]>
            </line>
            <line>
              <![CDATA[Finding Element by locator: By.cssSelector: .close_button-14102-button.close_button-14102-button-d2.bluecoreCloseButton<br>]]>
            </line>
            <line>
              <![CDATA[Finding Element by locator: By.cssSelector: .close_button-14102-button.close_button-14102-button-d2.bluecoreCloseButton<br>]]>
            </line>
            <line>
              <![CDATA[Finding Element by locator: By.cssSelector: #consent_doNotSell_close<br>]]>
            </line>
            <line>
              <![CDATA[Element Found: [[ChromeDriver: chrome on WINDOWS (6f5024e00b126591b6d79882b45c5506)] -> css selector: #consent_doNotSell_close]<br>]]>
            </line>
            <line>
              <![CDATA[Finding Element by locator: By.cssSelector: #consent_doNotSell_close<br>]]>
            </line>
            <line>
              <![CDATA[Element Found: [[ChromeDriver: chrome on WINDOWS (6f5024e00b126591b6d79882b45c5506)] -> css selector: #consent_doNotSell_close]<br>]]>
            </line>
            <line>
              <![CDATA[Finding Element by locator: By.cssSelector: #consent_doNotSell_close<br>]]>
            </line>
            <line>
              <![CDATA[Element Found: [[ChromeDriver: chrome on WINDOWS (6f5024e00b126591b6d79882b45c5506)] -> css selector: #consent_doNotSell_close]<br>]]>
            </line>
            <line>
              <![CDATA[Finding Element by locator: By.cssSelector: #consent_doNotSell_close<br>]]>
            </line>
            <line>
              <![CDATA[Element Found: [[ChromeDriver: chrome on WINDOWS (6f5024e00b126591b6d79882b45c5506)] -> css selector: #consent_doNotSell_close]<br>]]>
            </line>
            <line>
              <![CDATA[Finding Element by locator: By.cssSelector: #consent_doNotSell_close<br>]]>
            </line>
            <line>
              <![CDATA[Element Found: [[ChromeDriver: chrome on WINDOWS (6f5024e00b126591b6d79882b45c5506)] -> css selector: #consent_doNotSell_close]<br>]]>
            </line>
            <line>
              <![CDATA[Finding Element by locator: By.cssSelector: #consent_doNotSell_close<br>]]>
            </line>
            <line>
              <![CDATA[Element Found: [[ChromeDriver: chrome on WINDOWS (6f5024e00b126591b6d79882b45c5506)] -> css selector: #consent_doNotSell_close]<br>]]>
            </line>
            <line>
              <![CDATA[Finding Element by locator: By.cssSelector: #consent_doNotSell_close<br>]]>
            </line>
            <line>
              <![CDATA[Element Found: [[ChromeDriver: chrome on WINDOWS (6f5024e00b126591b6d79882b45c5506)] -> css selector: #consent_doNotSell_close]<br>]]>
            </line>
            <line>
              <![CDATA[Finding Element by locator: By.cssSelector: #consent_doNotSell_close<br>]]>
            </line>
            <line>
              <![CDATA[Element Found: [[ChromeDriver: chrome on WINDOWS (6f5024e00b126591b6d79882b45c5506)] -> css selector: #consent_doNotSell_close]<br>]]>
            </line>
            <line>
              <![CDATA[Finding Element by locator: By.cssSelector: #consent_doNotSell_close<br>]]>
            </line>
            <line>
              <![CDATA[Element Found: [[ChromeDriver: chrome on WINDOWS (6f5024e00b126591b6d79882b45c5506)] -> css selector: #consent_doNotSell_close]<br>]]>
            </line>
            <line>
              <![CDATA[Finding Element by locator: By.cssSelector: #consent_doNotSell_close<br>]]>
            </line>
            <line>
              <![CDATA[Element Found: [[ChromeDriver: chrome on WINDOWS (6f5024e00b126591b6d79882b45c5506)] -> css selector: #consent_doNotSell_close]<br>]]>
            </line>
            <line>
              <![CDATA[Finding Element by locator: By.cssSelector: #consent_doNotSell_close<br>]]>
            </line>
            <line>
              <![CDATA[Element Found: [[ChromeDriver: chrome on WINDOWS (6f5024e00b126591b6d79882b45c5506)] -> css selector: #consent_doNotSell_close]<br>]]>
            </line>
            <line>
              <![CDATA[Finding Element by locator: By.cssSelector: #consent_doNotSell_close<br>]]>
            </line>
            <line>
              <![CDATA[Element Found: [[ChromeDriver: chrome on WINDOWS (6f5024e00b126591b6d79882b45c5506)] -> css selector: #consent_doNotSell_close]<br>]]>
            </line>
            <line>
              <![CDATA[Finding Element by locator: By.cssSelector: #consent_doNotSell_close<br>]]>
            </line>
            <line>
              <![CDATA[Element Found: [[ChromeDriver: chrome on WINDOWS (6f5024e00b126591b6d79882b45c5506)] -> css selector: #consent_doNotSell_close]<br>]]>
            </line>
            <line>
              <![CDATA[Finding Element by locator: By.cssSelector: #consent_doNotSell_close<br>]]>
            </line>
            <line>
              <![CDATA[Element Found: [[ChromeDriver: chrome on WINDOWS (6f5024e00b126591b6d79882b45c5506)] -> css selector: #consent_doNotSell_close]<br>]]>
            </line>
            <line>
              <![CDATA[Finding Element by locator: By.cssSelector: #consent_doNotSell_close<br>]]>
            </line>
            <line>
              <![CDATA[Element Found: [[ChromeDriver: chrome on WINDOWS (6f5024e00b126591b6d79882b45c5506)] -> css selector: #consent_doNotSell_close]<br>]]>
            </line>
            <line>
              <![CDATA[Finding Element by locator: By.cssSelector: #consent_doNotSell_close<br>]]>
            </line>
            <line>
              <![CDATA[Element Found: [[ChromeDriver: chrome on WINDOWS (6f5024e00b126591b6d79882b45c5506)] -> css selector: #consent_doNotSell_close]<br>]]>
            </line>
            <line>
              <![CDATA[Finding Element by locator: By.cssSelector: #consent_doNotSell_close<br>]]>
            </line>
            <line>
              <![CDATA[Element Found: [[ChromeDriver: chrome on WINDOWS (6f5024e00b126591b6d79882b45c5506)] -> css selector: #consent_doNotSell_close]<br>]]>
            </line>
            <line>
              <![CDATA[Finding Element by locator: By.cssSelector: #consent_doNotSell_close<br>]]>
            </line>
            <line>
              <![CDATA[Element Found: [[ChromeDriver: chrome on WINDOWS (6f5024e00b126591b6d79882b45c5506)] -> css selector: #consent_doNotSell_close]<br>]]>
            </line>
            <line>
              <![CDATA[Finding Element by locator: By.cssSelector: #consent_doNotSell_close<br>]]>
            </line>
            <line>
              <![CDATA[Element Found: [[ChromeDriver: chrome on WINDOWS (6f5024e00b126591b6d79882b45c5506)] -> css selector: #consent_doNotSell_close]<br>]]>
            </line>
            <line>
              <![CDATA[Finding Element by locator: By.cssSelector: #consent_doNotSell_close<br>]]>
            </line>
            <line>
              <![CDATA[Element Found: [[ChromeDriver: chrome on WINDOWS (6f5024e00b126591b6d79882b45c5506)] -> css selector: #consent_doNotSell_close]<br>]]>
            </line>
            <line>
              <![CDATA[Finding Element by locator: By.cssSelector: #consent_doNotSell_close<br>]]>
            </line>
            <line>
              <![CDATA[Element Found: [[ChromeDriver: chrome on WINDOWS (6f5024e00b126591b6d79882b45c5506)] -> css selector: #consent_doNotSell_close]<br>]]>
            </line>
            <line>
              <![CDATA[Finding Element by locator: By.cssSelector: #consent_doNotSell_close<br>]]>
            </line>
            <line>
              <![CDATA[Element Found: [[ChromeDriver: chrome on WINDOWS (6f5024e00b126591b6d79882b45c5506)] -> css selector: #consent_doNotSell_close]<br>]]>
            </line>
            <line>
              <![CDATA[Finding Element by locator: By.cssSelector: #consent_doNotSell_close<br>]]>
            </line>
            <line>
              <![CDATA[Element Found: [[ChromeDriver: chrome on WINDOWS (6f5024e00b126591b6d79882b45c5506)] -> css selector: #consent_doNotSell_close]<br>]]>
            </line>
            <line>
              <![CDATA[Finding Element by locator: By.cssSelector: #consent_doNotSell_close<br>]]>
            </line>
            <line>
              <![CDATA[Element Found: [[ChromeDriver: chrome on WINDOWS (6f5024e00b126591b6d79882b45c5506)] -> css selector: #consent_doNotSell_close]<br>]]>
            </line>
            <line>
              <![CDATA[Finding Element by locator: By.cssSelector: #consent_doNotSell_close<br>]]>
            </line>
            <line>
              <![CDATA[Element Found: [[ChromeDriver: chrome on WINDOWS (6f5024e00b126591b6d79882b45c5506)] -> css selector: #consent_doNotSell_close]<br>]]>
            </line>
            <line>
              <![CDATA[Finding Element by locator: By.cssSelector: #consent_doNotSell_close<br>]]>
            </line>
            <line>
              <![CDATA[Element Found: [[ChromeDriver: chrome on WINDOWS (6f5024e00b126591b6d79882b45c5506)] -> css selector: #consent_doNotSell_close]<br>]]>
            </line>
            <line>
              <![CDATA[Finding Element by locator: By.cssSelector: #consent_doNotSell_close<br>]]>
            </line>
            <line>
              <![CDATA[Element Found: [[ChromeDriver: chrome on WINDOWS (6f5024e00b126591b6d79882b45c5506)] -> css selector: #consent_doNotSell_close]<br>]]>
            </line>
            <line>
              <![CDATA[Finding Element by locator: By.cssSelector: #consent_doNotSell_close<br>]]>
            </line>
            <line>
              <![CDATA[Element Found: [[ChromeDriver: chrome on WINDOWS (6f5024e00b126591b6d79882b45c5506)] -> css selector: #consent_doNotSell_close]<br>]]>
            </line>
            <line>
              <![CDATA[Finding Element by locator: By.cssSelector: #consent_doNotSell_close<br>]]>
            </line>
            <line>
              <![CDATA[Element Found: [[ChromeDriver: chrome on WINDOWS (6f5024e00b126591b6d79882b45c5506)] -> css selector: #consent_doNotSell_close]<br>]]>
            </line>
            <line>
              <![CDATA[Finding Element by locator: By.cssSelector: #consent_doNotSell_close<br>]]>
            </line>
            <line>
              <![CDATA[Element Found: [[ChromeDriver: chrome on WINDOWS (6f5024e00b126591b6d79882b45c5506)] -> css selector: #consent_doNotSell_close]<br>]]>
            </line>
            <line>
              <![CDATA[Finding Element by locator: By.cssSelector: #consent_doNotSell_close<br>]]>
            </line>
            <line>
              <![CDATA[Element Found: [[ChromeDriver: chrome on WINDOWS (6f5024e00b126591b6d79882b45c5506)] -> css selector: #consent_doNotSell_close]<br>]]>
            </line>
            <line>
              <![CDATA[Finding Element by locator: By.cssSelector: #consent_doNotSell_close<br>]]>
            </line>
            <line>
              <![CDATA[Element Found: [[ChromeDriver: chrome on WINDOWS (6f5024e00b126591b6d79882b45c5506)] -> css selector: #consent_doNotSell_close]<br>]]>
            </line>
            <line>
              <![CDATA[Finding Element by locator: By.cssSelector: #consent_doNotSell_close<br>]]>
            </line>
            <line>
              <![CDATA[Element Found: [[ChromeDriver: chrome on WINDOWS (6f5024e00b126591b6d79882b45c5506)] -> css selector: #consent_doNotSell_close]<br>]]>
            </line>
            <line>
              <![CDATA[Finding Element by locator: By.cssSelector: #consent_doNotSell_close<br>]]>
            </line>
            <line>
              <![CDATA[Element Found: [[ChromeDriver: chrome on WINDOWS (6f5024e00b126591b6d79882b45c5506)] -> css selector: #consent_doNotSell_close]<br>]]>
            </line>
            <line>
              <![CDATA[Finding Element by locator: By.cssSelector: #consent_doNotSell_close<br>]]>
            </line>
            <line>
              <![CDATA[Element Found: [[ChromeDriver: chrome on WINDOWS (6f5024e00b126591b6d79882b45c5506)] -> css selector: #consent_doNotSell_close]<br>]]>
            </line>
            <line>
              <![CDATA[Finding Element by locator: By.cssSelector: #consent_doNotSell_close<br>]]>
            </line>
            <line>
              <![CDATA[Element Found: [[ChromeDriver: chrome on WINDOWS (6f5024e00b126591b6d79882b45c5506)] -> css selector: #consent_doNotSell_close]<br>]]>
            </line>
            <line>
              <![CDATA[Finding Element by locator: By.cssSelector: #consent_doNotSell_close<br>]]>
            </line>
            <line>
              <![CDATA[Element Found: [[ChromeDriver: chrome on WINDOWS (6f5024e00b126591b6d79882b45c5506)] -> css selector: #consent_doNotSell_close]<br>]]>
            </line>
            <line>
              <![CDATA[Finding Element by locator: By.cssSelector: #consent_doNotSell_close<br>]]>
            </line>
            <line>
              <![CDATA[Element Found: [[ChromeDriver: chrome on WINDOWS (6f5024e00b126591b6d79882b45c5506)] -> css selector: #consent_doNotSell_close]<br>]]>
            </line>
            <line>
              <![CDATA[Finding Element by locator: By.cssSelector: .btn-lg:nth-child(8)<br>]]>
            </line>
            <line>
              <![CDATA[Element Found: [[ChromeDriver: chrome on WINDOWS (6f5024e00b126591b6d79882b45c5506)] -> css selector: .btn-lg:nth-child(8)]<br>]]>
            </line>
            <line>
              <![CDATA[Finding Element by locator: By.cssSelector: .btn-lg:nth-child(8)<br>]]>
            </line>
            <line>
              <![CDATA[Element Found: [[ChromeDriver: chrome on WINDOWS (6f5024e00b126591b6d79882b45c5506)] -> css selector: .btn-lg:nth-child(8)]<br>]]>
            </line>
            <line>
              <![CDATA[Finding Element by locator: By.cssSelector: .btn-lg:nth-child(8)<br>]]>
            </line>
            <line>
              <![CDATA[Element Found: [[ChromeDriver: chrome on WINDOWS (6f5024e00b126591b6d79882b45c5506)] -> css selector: .btn-lg:nth-child(8)]<br>]]>
            </line>
            <line>
              <![CDATA[Before Clicking on element: [[ChromeDriver: chrome on WINDOWS (6f5024e00b126591b6d79882b45c5506)] -> css selector: .btn-lg:nth-child(8)]<br>]]>
            </line>
            <line>
              <![CDATA[Clicked on element: [[ChromeDriver: chrome on WINDOWS (6f5024e00b126591b6d79882b45c5506)] -> css selector: .btn-lg:nth-child(8)]<br>]]>
            </line>
            <line>
              <![CDATA[Finding Element by locator: By.cssSelector: .checkout-button<br>]]>
            </line>
            <line>
              <![CDATA[Element Found: [[ChromeDriver: chrome on WINDOWS (6f5024e00b126591b6d79882b45c5506)] -> css selector: .checkout-button]<br>]]>
            </line>
            <line>
[...]
            </line>
            <line>
              <![CDATA[Finding Element by locator: By.id: ShipAllItemsInput-LName<br>]]>
            </line>
            <line>
              <![CDATA[Element Found: [[ChromeDriver: chrome on WINDOWS (6f5024e00b126591b6d79882b45c5506)] -> id: ShipAllItemsInput-LName]<br>]]>
            </line>
            <line>
              <![CDATA[Finding Element by locator: By.id: ShipAllItemsInput-LName<br>]]>
            </line>
            <line>
              <![CDATA[Element Found: [[ChromeDriver: chrome on WINDOWS (6f5024e00b126591b6d79882b45c5506)] -> id: ShipAllItemsInput-LName]<br>]]>
            </line>
            <line>
              <![CDATA[Before Changing value of: [[ChromeDriver: chrome on WINDOWS (6f5024e00b126591b6d79882b45c5506)] -> id: ShipAllItemsInput-LName]<br>]]>
            </line>
            <line>
              <![CDATA[After Changing value of: [[ChromeDriver: chrome on WINDOWS (6f5024e00b126591b6d79882b45c5506)] -> id: ShipAllItemsInput-LName]<br>]]>
            </line>
            <line>
              <![CDATA[Finding Element by locator: By.id: ShipAllItemsInput-LName<br>]]>
            </line>
            <line>
              <![CDATA[Element Found: [[ChromeDriver: chrome on WINDOWS (6f5024e00b126591b6d79882b45c5506)] -> id: ShipAllItemsInput-LName]<br>]]>
            </line>
            <line>
              <![CDATA[Finding Element by locator: By.id: ShipAllItemsInput-LName<br>]]>
            </line>
            <line>
              <![CDATA[Element Found: [[ChromeDriver: chrome on WINDOWS (6f5024e00b126591b6d79882b45c5506)] -> id: ShipAllItemsInput-LName]<br>]]>
            </line>
            <line>
              <![CDATA[Before Changing value of: [[ChromeDriver: chrome on WINDOWS (6f5024e00b126591b6d79882b45c5506)] -> id: ShipAllItemsInput-LName]<br>]]>
            </line>
            <line>
              <![CDATA[After Changing value of: [[ChromeDriver: chrome on WINDOWS (6f5024e00b126591b6d79882b45c5506)] -> id: ShipAllItemsInput-LName]<br>]]>
            </line>
            <line>
              <![CDATA[Finding Element by locator: By.id: ShipAllItemsInput-Email<br>]]>
            </line>
            <line>
              <![CDATA[Element Found: [[ChromeDriver: chrome on WINDOWS (6f5024e00b126591b6d79882b45c5506)] -> id: ShipAllItemsInput-Email]<br>]]>
            </line>
            <line>
              <![CDATA[Finding Element by locator: By.id: ShipAllItemsInput-Email<br>]]>
            </line>
            <line>
              <![CDATA[Element Found: [[ChromeDriver: chrome on WINDOWS (6f5024e00b126591b6d79882b45c5506)] -> id: ShipAllItemsInput-Email]<br>]]>
            </line>
            <line>
              <![CDATA[Finding Element by locator: By.id: ShipAllItemsInput-Email<br>]]>
            </line>
            <line>
              <![CDATA[Element Found: [[ChromeDriver: chrome on WINDOWS (6f5024e00b126591b6d79882b45c5506)] -> id: ShipAllItemsInput-Email]<br>]]>
            </line>
            <line>
              <![CDATA[Before Clicking on element: [[ChromeDriver: chrome on WINDOWS (6f5024e00b126591b6d79882b45c5506)] -> id: ShipAllItemsInput-Email]<br>]]>
            </line>
            <line>
              <![CDATA[Clicked on element: [[ChromeDriver: chrome on WINDOWS (6f5024e00b126591b6d79882b45c5506)] -> id: ShipAllItemsInput-Email]<br>]]>
            </line>
            <line>
              <![CDATA[Finding Element by locator: By.id: ShipAllItemsInput-Email<br>]]>
            </line>
            <line>
              <![CDATA[Element Found: [[ChromeDriver: chrome on WINDOWS (6f5024e00b126591b6d79882b45c5506)] -> id: ShipAllItemsInput-Email]<br>]]>
            </line>
            <line>
              <![CDATA[Finding Element by locator: By.id: ShipAllItemsInput-Email<br>]]>
            </line>
            <line>
              <![CDATA[Element Found: [[ChromeDriver: chrome on WINDOWS (6f5024e00b126591b6d79882b45c5506)] -> id: ShipAllItemsInput-Email]<br>]]>
            </line>
            <line>
              <![CDATA[Before Changing value of: [[ChromeDriver: chrome on WINDOWS (6f5024e00b126591b6d79882b45c5506)] -> id: ShipAllItemsInput-Email]<br>]]>
            </line>
            <line>
              <![CDATA[After Changing value of: [[ChromeDriver: chrome on WINDOWS (6f5024e00b126591b6d79882b45c5506)] -> id: ShipAllItemsInput-Email]<br>]]>
            </line>
            <line>
              <![CDATA[Finding Element by locator: By.id: ShipAllItemsInput-Email<br>]]>
            </line>
            <line>
              <![CDATA[Element Found: [[ChromeDriver: chrome on WINDOWS (6f5024e00b126591b6d79882b45c5506)] -> id: ShipAllItemsInput-Email]<br>]]>
            </line>
            <line>
              <![CDATA[Finding Element by locator: By.id: ShipAllItemsInput-Email<br>]]>
            </line>
            <line>
              <![CDATA[Element Found: [[ChromeDriver: chrome on WINDOWS (6f5024e00b126591b6d79882b45c5506)] -> id: ShipAllItemsInput-Email]<br>]]>
            </line>
            <line>
              <![CDATA[Before Changing value of: [[ChromeDriver: chrome on WINDOWS (6f5024e00b126591b6d79882b45c5506)] -> id: ShipAllItemsInput-Email]<br>]]>
            </line>
            <line>
              <![CDATA[After Changing value of: [[ChromeDriver: chrome on WINDOWS (6f5024e00b126591b6d79882b45c5506)] -> id: ShipAllItemsInput-Email]<br>]]>
            </line>
            <line>
              <![CDATA[Finding Element by locator: By.id: ShipAllItemsInput-Phone<br>]]>
            </line>
            <line>
              <![CDATA[Element Found: [[ChromeDriver: chrome on WINDOWS (6f5024e00b126591b6d79882b45c5506)] -> id: ShipAllItemsInput-Phone]<br>]]>
            </line>
            <line>
              <![CDATA[Finding Element by locator: By.id: ShipAllItemsInput-Phone<br>]]>
            </line>
            <line>
              <![CDATA[Element Found: [[ChromeDriver: chrome on WINDOWS (6f5024e00b126591b6d79882b45c5506)] -> id: ShipAllItemsInput-Phone]<br>]]>
            </line>
            <line>
              <![CDATA[Finding Element by locator: By.id: ShipAllItemsInput-Phone<br>]]>
            </line>
            <line>
              <![CDATA[Element Found: [[ChromeDriver: chrome on WINDOWS (6f5024e00b126591b6d79882b45c5506)] -> id: ShipAllItemsInput-Phone]<br>]]>
            </line>
            <line>
              <![CDATA[Before Clicking on element: [[ChromeDriver: chrome on WINDOWS (6f5024e00b126591b6d79882b45c5506)] -> id: ShipAllItemsInput-Phone]<br>]]>
            </line>
            <line>
              <![CDATA[Clicked on element: [[ChromeDriver: chrome on WINDOWS (6f5024e00b126591b6d79882b45c5506)] -> id: ShipAllItemsInput-Phone]<br>]]>
            </line>
            <line>
              <![CDATA[Finding Element by locator: By.id: ShipAllItemsInput-Phone<br>]]>
            </line>
            <line>
              <![CDATA[Element Found: [[ChromeDriver: chrome on WINDOWS (6f5024e00b126591b6d79882b45c5506)] -> id: ShipAllItemsInput-Phone]<br>]]>
            </line>
            <line>
              <![CDATA[Finding Element by locator: By.id: ShipAllItemsInput-Phone<br>]]>
            </line>
            <line>
              <![CDATA[Element Found: [[ChromeDriver: chrome on WINDOWS (6f5024e00b126591b6d79882b45c5506)] -> id: ShipAllItemsInput-Phone]<br>]]>
            </line>
            <line>
              <![CDATA[Before Changing value of: [[ChromeDriver: chrome on WINDOWS (6f5024e00b126591b6d79882b45c5506)] -> id: ShipAllItemsInput-Phone]<br>]]>
            </line>
            <line>
              <![CDATA[After Changing value of: [[ChromeDriver: chrome on WINDOWS (6f5024e00b126591b6d79882b45c5506)] -> id: ShipAllItemsInput-Phone]<br>]]>
            </line>
            <line>
              <![CDATA[Finding Element by locator: By.id: ShipAllItemsInput-Phone<br>]]>
            </line>
            <line>
              <![CDATA[Element Found: [[ChromeDriver: chrome on WINDOWS (6f5024e00b126591b6d79882b45c5506)] -> id: ShipAllItemsInput-Phone]<br>]]>
            </line>
            <line>
              <![CDATA[Finding Element by locator: By.id: ShipAllItemsInput-Phone<br>]]>
            </line>
            <line>
              <![CDATA[Element Found: [[ChromeDriver: chrome on WINDOWS (6f5024e00b126591b6d79882b45c5506)] -> id: ShipAllItemsInput-Phone]<br>]]>
            </line>
            <line>
              <![CDATA[Before Changing value of: [[ChromeDriver: chrome on WINDOWS (6f5024e00b126591b6d79882b45c5506)] -> id: ShipAllItemsInput-Phone]<br>]]>
            </line>
            <line>
              <![CDATA[After Changing value of: [[ChromeDriver: chrome on WINDOWS (6f5024e00b126591b6d79882b45c5506)] -> id: ShipAllItemsInput-Phone]<br>]]>
            </line>
            <line>
              <![CDATA[Finding Element by locator: By.id: form2Address1<br>]]>
            </line>
            <line>
              <![CDATA[Element Found: [[ChromeDriver: chrome on WINDOWS (6f5024e00b126591b6d79882b45c5506)] -> id: form2Address1]<br>]]>
            </line>
            <line>
              <![CDATA[Finding Element by locator: By.id: form2Address1<br>]]>
            </line>
            <line>
              <![CDATA[Element Found: [[ChromeDriver: chrome on WINDOWS (6f5024e00b126591b6d79882b45c5506)] -> id: form2Address1]<br>]]>
            </line>
            <line>
              <![CDATA[Finding Element by locator: By.id: form2Address1<br>]]>
            </line>
            <line>
              <![CDATA[Element Found: [[ChromeDriver: chrome on WINDOWS (6f5024e00b126591b6d79882b45c5506)] -> id: form2Address1]<br>]]>
            </line>
            <line>
              <![CDATA[Before Clicking on element: [[ChromeDriver: chrome on WINDOWS (6f5024e00b126591b6d79882b45c5506)] -> id: form2Address1]<br>]]>
            </line>
            <line>
              <![CDATA[Finding Element by locator: By.id: form2Address1<br>]]>
            </line>
            <line>
              <![CDATA[Element Found: [[ChromeDriver: chrome on WINDOWS (6f5024e00b126591b6d79882b45c5506)] -> id: form2Address1]<br>]]>
            </line>
            <line>
              <![CDATA[Before Script: arguments[0].click();<br>]]>
            </line>
            <line>
              <![CDATA[Finding Element by locator: By.id: form2Address1<br>]]>
            </line>
            <line>
              <![CDATA[Element Found: [[ChromeDriver: chrome on WINDOWS (6f5024e00b126591b6d79882b45c5506)] -> id: form2Address1]<br>]]>
            </line>
            <line>
              <![CDATA[After Script: arguments[0].click();<br>]]>
            </line>
            <line>
              <![CDATA[Finding Element by locator: By.id: form2Address1<br>]]>
            </line>
            <line>
              <![CDATA[Element Found: [[ChromeDriver: chrome on WINDOWS (6f5024e00b126591b6d79882b45c5506)] -> id: form2Address1]<br>]]>
            </line>
            <line>
              <![CDATA[Finding Element by locator: By.id: form2Address1<br>]]>
            </line>
            <line>
              <![CDATA[Element Found: [[ChromeDriver: chrome on WINDOWS (6f5024e00b126591b6d79882b45c5506)] -> id: form2Address1]<br>]]>
            </line>
            <line>
              <![CDATA[Before Changing value of: [[ChromeDriver: chrome on WINDOWS (6f5024e00b126591b6d79882b45c5506)] -> id: form2Address1]<br>]]>
            </line>
            <line>
              <![CDATA[After Changing value of: [[ChromeDriver: chrome on WINDOWS (6f5024e00b126591b6d79882b45c5506)] -> id: form2Address1]<br>]]>
            </line>
            <line>
              <![CDATA[Finding Element by locator: By.id: form2Address1<br>]]>
            </line>
            <line>
              <![CDATA[Element Found: [[ChromeDriver: chrome on WINDOWS (6f5024e00b126591b6d79882b45c5506)] -> id: form2Address1]<br>]]>
            </line>
            <line>
              <![CDATA[Finding Element by locator: By.id: form2Address1<br>]]>
            </line>
            <line>
              <![CDATA[Element Found: [[ChromeDriver: chrome on WINDOWS (6f5024e00b126591b6d79882b45c5506)] -> id: form2Address1]<br>]]>
            </line>
            <line>
              <![CDATA[Before Changing value of: [[ChromeDriver: chrome on WINDOWS (6f5024e00b126591b6d79882b45c5506)] -> id: form2Address1]<br>]]>
            </line>
            <line>
              <![CDATA[After Changing value of: [[ChromeDriver: chrome on WINDOWS (6f5024e00b126591b6d79882b45c5506)] -> id: form2Address1]<br>]]>
            </line>
            <line>
              <![CDATA[Finding Element by locator: By.id: form2City<br>]]>
            </line>
            <line>
              <![CDATA[Element Found: [[ChromeDriver: chrome on WINDOWS (6f5024e00b126591b6d79882b45c5506)] -> id: form2City]<br>]]>
            </line>
            <line>
              <![CDATA[Finding Element by locator: By.id: form2City<br>]]>
            </line>
            <line>
              <![CDATA[Element Found: [[ChromeDriver: chrome on WINDOWS (6f5024e00b126591b6d79882b45c5506)] -> id: form2City]<br>]]>
            </line>
            <line>
              <![CDATA[Finding Element by locator: By.id: form2City<br>]]>
            </line>
            <line>
              <![CDATA[Element Found: [[ChromeDriver: chrome on WINDOWS (6f5024e00b126591b6d79882b45c5506)] -> id: form2City]<br>]]>
            </line>
            <line>
              <![CDATA[Before Clicking on element: [[ChromeDriver: chrome on WINDOWS (6f5024e00b126591b6d79882b45c5506)] -> id: form2City]<br>]]>
            </line>
            <line>
              <![CDATA[Finding Element by locator: By.id: form2City<br>]]>
            </line>
            <line>
              <![CDATA[Element Found: [[ChromeDriver: chrome on WINDOWS (6f5024e00b126591b6d79882b45c5506)] -> id: form2City]<br>]]>
            </line>
            <line>
              <![CDATA[Before Script: arguments[0].click();<br>]]>
            </line>
            <line>
              <![CDATA[Finding Element by locator: By.id: form2City<br>]]>
            </line>
            <line>
              <![CDATA[Element Found: [[ChromeDriver: chrome on WINDOWS (6f5024e00b126591b6d79882b45c5506)] -> id: form2City]<br>]]>
            </line>
            <line>
              <![CDATA[After Script: arguments[0].click();<br>]]>
            </line>
            <line>
              <![CDATA[Finding Element by locator: By.id: form2City<br>]]>
            </line>
            <line>
              <![CDATA[Element Found: [[ChromeDriver: chrome on WINDOWS (6f5024e00b126591b6d79882b45c5506)] -> id: form2City]<br>]]>
            </line>
            <line>
              <![CDATA[Finding Element by locator: By.id: form2City<br>]]>
            </line>
            <line>
              <![CDATA[Element Found: [[ChromeDriver: chrome on WINDOWS (6f5024e00b126591b6d79882b45c5506)] -> id: form2City]<br>]]>
            </line>
            <line>
              <![CDATA[Before Changing value of: [[ChromeDriver: chrome on WINDOWS (6f5024e00b126591b6d79882b45c5506)] -> id: form2City]<br>]]>
            </line>
            <line>
              <![CDATA[After Changing value of: [[ChromeDriver: chrome on WINDOWS (6f5024e00b126591b6d79882b45c5506)] -> id: form2City]<br>]]>
            </line>
            <line>
              <![CDATA[Finding Element by locator: By.id: form2City<br>]]>
            </line>
            <line>
              <![CDATA[Element Found: [[ChromeDriver: chrome on WINDOWS (6f5024e00b126591b6d79882b45c5506)] -> id: form2City]<br>]]>
            </line>
            <line>
              <![CDATA[Finding Element by locator: By.id: form2City<br>]]>
            </line>
            <line>
              <![CDATA[Element Found: [[ChromeDriver: chrome on WINDOWS (6f5024e00b126591b6d79882b45c5506)] -> id: form2City]<br>]]>
            </line>
            <line>
              <![CDATA[Before Changing value of: [[ChromeDriver: chrome on WINDOWS (6f5024e00b126591b6d79882b45c5506)] -> id: form2City]<br>]]>
            </line>
            <line>
              <![CDATA[After Changing value of: [[ChromeDriver: chrome on WINDOWS (6f5024e00b126591b6d79882b45c5506)] -> id: form2City]<br>]]>
            </line>
            <line>
              <![CDATA[Finding Element by locator: By.id: form2States<br>]]>
            </line>
            <line>
              <![CDATA[Element Found: [[ChromeDriver: chrome on WINDOWS (6f5024e00b126591b6d79882b45c5506)] -> id: form2States]<br>]]>
            </line>
            <line>
              <![CDATA[Finding Element by locator: By.id: form2States<br>]]>
            </line>
            <line>
              <![CDATA[Element Found: [[ChromeDriver: chrome on WINDOWS (6f5024e00b126591b6d79882b45c5506)] -> id: form2States]<br>]]>
            </line>
            <line>
              <![CDATA[Finding Element by locator: By.id: form2States<br>]]>
            </line>
            <line>
              <![CDATA[Element Found: [[ChromeDriver: chrome on WINDOWS (6f5024e00b126591b6d79882b45c5506)] -> id: form2States]<br>]]>
            </line>
            <line>
              <![CDATA[Before Clicking on element: [[ChromeDriver: chrome on WINDOWS (6f5024e00b126591b6d79882b45c5506)] -> id: form2States]<br>]]>
            </line>
            <line>
              <![CDATA[Finding Element by locator: By.id: form2States<br>]]>
            </line>
            <line>
              <![CDATA[Element Found: [[ChromeDriver: chrome on WINDOWS (6f5024e00b126591b6d79882b45c5506)] -> id: form2States]<br>]]>
            </line>
            <line>
              <![CDATA[Before Script: arguments[0].click();<br>]]>
            </line>
            <line>
              <![CDATA[Finding Element by locator: By.id: form2States<br>]]>
            </line>
            <line>
              <![CDATA[Element Found: [[ChromeDriver: chrome on WINDOWS (6f5024e00b126591b6d79882b45c5506)] -> id: form2States]<br>]]>
            </line>
            <line>
              <![CDATA[After Script: arguments[0].click();<br>]]>
            </line>
            <line>
              <![CDATA[Finding Element by locator: By.id: form2States<br>]]>
            </line>
            <line>
              <![CDATA[Element Found: [[ChromeDriver: chrome on WINDOWS (6f5024e00b126591b6d79882b45c5506)] -> id: form2States]<br>]]>
            </line>
            <line>
              <![CDATA[Finding Element by locator: By.id: form2States<br>]]>
            </line>
            <line>
              <![CDATA[Element Found: [[ChromeDriver: chrome on WINDOWS (6f5024e00b126591b6d79882b45c5506)] -> id: form2States]<br>]]>
            </line>
            <line>
              <![CDATA[Before Changing value of: [[ChromeDriver: chrome on WINDOWS (6f5024e00b126591b6d79882b45c5506)] -> id: form2States]<br>]]>
            </line>
          </reporter-output>
        </test-method> <!-- GuestUser_GroundShipping_Visa -->
        <test-method is-config="true" signature="screenShot(org.testng.ITestResult)[pri:0, instance:suite.test.CheckoutTest@16fb356]" started-at="2022-09-29T10:50:15Z" name="screenShot" finished-at="2022-09-29T10:50:17Z" duration-ms="1612" status="PASS">
          <params>
            <param index="0">
              <value>
                <![CDATA[[TestResult name=GuestUser_GroundShipping_Visa status=FAILURE method=CheckoutTest.GuestUser_GroundShipping_Visa()[pri:0, instance:suite.test.CheckoutTest@16fb356] output=Navigating to url: https:uatcommerce.brother-usa.com/products/MFCJ5830DW<br>]]]>
              </value>
            </param>
          </params>
          <reporter-output>
          </reporter-output>
        </test-method> <!-- screenShot -->
      </class> <!-- suite.test.CheckoutTest -->
    </test> <!-- Default test -->
  </suite> <!-- Default suite -->
</testng-results>
